<?xml version="1.0" encoding="UTF-8"?>
<coverage generated="1773440161551" clover="3.2.0">
  <project timestamp="1773440161551" name="All files">
    <metrics statements="320" coveredstatements="310" conditionals="272" coveredconditionals="235" methods="101" coveredmethods="100" elements="693" coveredelements="645" complexity="0" loc="320" ncloc="320" packages="7" files="23" classes="23"/>
    <package name="agent">
      <metrics statements="33" coveredstatements="33" conditionals="24" coveredconditionals="22" methods="4" coveredmethods="4"/>
      <file name="prompts.ts" path="/Users/stephen/Projects/AIKanban/ai-kanban/packages/server/src/agent/prompts.ts">
        <metrics statements="33" coveredstatements="33" conditionals="24" coveredconditionals="22" methods="4" coveredmethods="4"/>
        <line num="2" count="6" type="stmt"/>
        <line num="3" count="7" type="cond" truecount="2" falsecount="0"/>
        <line num="16" count="9" type="stmt"/>
        <line num="20" count="9" type="cond" truecount="2" falsecount="0"/>
        <line num="21" count="9" type="cond" truecount="2" falsecount="0"/>
        <line num="22" count="9" type="cond" truecount="2" falsecount="0"/>
        <line num="24" count="9" type="cond" truecount="2" falsecount="0"/>
        <line num="25" count="1" type="stmt"/>
        <line num="26" count="1" type="stmt"/>
        <line num="27" count="1" type="stmt"/>
        <line num="28" count="1" type="stmt"/>
        <line num="32" count="9" type="cond" truecount="2" falsecount="0"/>
        <line num="33" count="1" type="stmt"/>
        <line num="34" count="1" type="stmt"/>
        <line num="35" count="1" type="stmt"/>
        <line num="36" count="1" type="stmt"/>
        <line num="38" count="1" type="stmt"/>
        <line num="41" count="9" type="cond" truecount="2" falsecount="0"/>
        <line num="42" count="2" type="stmt"/>
        <line num="43" count="2" type="stmt"/>
        <line num="44" count="2" type="cond" truecount="2" falsecount="0"/>
        <line num="48" count="9" type="stmt"/>
        <line num="52" count="4" type="cond" truecount="2" falsecount="0"/>
        <line num="53" count="3" type="stmt"/>
        <line num="54" count="3" type="stmt"/>
        <line num="55" count="4" type="stmt"/>
        <line num="56" count="4" type="cond" truecount="2" falsecount="0"/>
        <line num="57" count="3" type="stmt"/>
        <line num="59" count="1" type="stmt"/>
        <line num="60" count="1" type="stmt"/>
        <line num="61" count="1" type="cond" truecount="1" falsecount="1"/>
        <line num="62" count="1" type="cond" truecount="1" falsecount="1"/>
        <line num="65" count="3" type="stmt"/>
      </file>
    </package>
    <package name="db">
      <metrics statements="13" coveredstatements="13" conditionals="8" coveredconditionals="6" methods="2" coveredmethods="2"/>
      <file name="connection.ts" path="/Users/stephen/Projects/AIKanban/ai-kanban/packages/server/src/db/connection.ts">
        <metrics statements="13" coveredstatements="13" conditionals="8" coveredconditionals="6" methods="2" coveredmethods="2"/>
        <line num="5" count="4" type="stmt"/>
        <line num="8" count="6" type="cond" truecount="2" falsecount="0"/>
        <line num="9" count="5" type="cond" truecount="1" falsecount="1"/>
        <line num="10" count="5" type="stmt"/>
        <line num="11" count="5" type="cond" truecount="2" falsecount="0"/>
        <line num="12" count="1" type="stmt"/>
        <line num="14" count="5" type="stmt"/>
        <line num="15" count="5" type="stmt"/>
        <line num="16" count="5" type="stmt"/>
        <line num="18" count="6" type="stmt"/>
        <line num="22" count="5" type="cond" truecount="1" falsecount="1"/>
        <line num="23" count="5" type="stmt"/>
        <line num="24" count="5" type="stmt"/>
      </file>
    </package>
    <package name="db.models">
      <metrics statements="188" coveredstatements="186" conditionals="200" coveredconditionals="175" methods="74" coveredmethods="74"/>
      <file name="agentRuns.ts" path="/Users/stephen/Projects/AIKanban/ai-kanban/packages/server/src/db/models/agentRuns.ts">
        <metrics statements="7" coveredstatements="7" conditionals="6" coveredconditionals="6" methods="4" coveredmethods="4"/>
        <line num="17" count="14" type="stmt"/>
        <line num="21" count="1" type="stmt"/>
        <line num="31" count="9" type="stmt"/>
        <line num="32" count="9" type="stmt"/>
        <line num="35" count="9" type="stmt"/>
        <line num="39" count="3" type="stmt"/>
        <line num="42" count="3" type="stmt"/>
      </file>
      <file name="clarificationMessages.ts" path="/Users/stephen/Projects/AIKanban/ai-kanban/packages/server/src/db/models/clarificationMessages.ts">
        <metrics statements="4" coveredstatements="4" conditionals="0" coveredconditionals="0" methods="2" coveredmethods="2"/>
        <line num="13" count="2" type="stmt"/>
        <line num="23" count="4" type="stmt"/>
        <line num="24" count="4" type="stmt"/>
        <line num="27" count="4" type="stmt"/>
      </file>
      <file name="driveRoots.ts" path="/Users/stephen/Projects/AIKanban/ai-kanban/packages/server/src/db/models/driveRoots.ts">
        <metrics statements="13" coveredstatements="13" conditionals="14" coveredconditionals="12" methods="5" coveredmethods="5"/>
        <line num="14" count="7" type="cond" truecount="2" falsecount="0"/>
        <line num="15" count="2" type="stmt"/>
        <line num="17" count="5" type="stmt"/>
        <line num="21" count="28" type="stmt"/>
        <line num="25" count="22" type="cond" truecount="2" falsecount="0"/>
        <line num="26" count="22" type="stmt"/>
        <line num="27" count="22" type="stmt"/>
        <line num="30" count="22" type="stmt"/>
        <line num="34" count="2" type="stmt"/>
        <line num="35" count="2" type="cond" truecount="2" falsecount="0"/>
        <line num="36" count="1" type="stmt"/>
        <line num="39" count="2" type="stmt"/>
        <line num="43" count="2" type="stmt"/>
      </file>
      <file name="fileReferences.ts" path="/Users/stephen/Projects/AIKanban/ai-kanban/packages/server/src/db/models/fileReferences.ts">
        <metrics statements="5" coveredstatements="5" conditionals="6" coveredconditionals="6" methods="3" coveredmethods="3"/>
        <line num="15" count="3" type="stmt"/>
        <line num="26" count="5" type="stmt"/>
        <line num="27" count="5" type="stmt"/>
        <line num="30" count="5" type="stmt"/>
        <line num="34" count="2" type="stmt"/>
      </file>
      <file name="integrations.ts" path="/Users/stephen/Projects/AIKanban/ai-kanban/packages/server/src/db/models/integrations.ts">
        <metrics statements="25" coveredstatements="25" conditionals="32" coveredconditionals="26" methods="8" coveredmethods="8"/>
        <line num="24" count="15" type="cond" truecount="2" falsecount="0"/>
        <line num="25" count="11" type="stmt"/>
        <line num="29" count="15" type="stmt"/>
        <line num="30" count="15" type="stmt"/>
        <line num="31" count="15" type="stmt"/>
        <line num="32" count="15" type="stmt"/>
        <line num="36" count="3" type="stmt"/>
        <line num="37" count="3" type="stmt"/>
        <line num="41" count="17" type="stmt"/>
        <line num="45" count="2" type="stmt"/>
        <line num="46" count="2" type="cond" truecount="2" falsecount="0"/>
        <line num="47" count="1" type="stmt"/>
        <line num="48" count="1" type="stmt"/>
        <line num="49" count="1" type="stmt"/>
        <line num="61" count="10" type="stmt"/>
        <line num="62" count="10" type="stmt"/>
        <line num="63" count="10" type="stmt"/>
        <line num="65" count="10" type="stmt"/>
        <line num="73" count="10" type="stmt"/>
        <line num="85" count="3" type="stmt"/>
        <line num="86" count="3" type="cond" truecount="2" falsecount="0"/>
        <line num="88" count="2" type="cond" truecount="2" falsecount="0"/>
        <line num="90" count="3" type="stmt"/>
        <line num="102" count="3" type="stmt"/>
        <line num="106" count="2" type="stmt"/>
      </file>
      <file name="projectDriveRoots.ts" path="/Users/stephen/Projects/AIKanban/ai-kanban/packages/server/src/db/models/projectDriveRoots.ts">
        <metrics statements="25" coveredstatements="25" conditionals="10" coveredconditionals="7" methods="11" coveredmethods="11"/>
        <line num="6" count="7" type="stmt"/>
        <line num="15" count="6" type="stmt"/>
        <line num="21" count="2" type="stmt"/>
        <line num="27" count="6" type="stmt"/>
        <line num="36" count="5" type="stmt"/>
        <line num="42" count="1" type="stmt"/>
        <line num="48" count="2" type="stmt"/>
        <line num="51" count="2" type="stmt"/>
        <line num="57" count="4" type="stmt"/>
        <line num="58" count="4" type="stmt"/>
        <line num="59" count="4" type="stmt"/>
        <line num="61" count="4" type="stmt"/>
        <line num="62" count="4" type="stmt"/>
        <line num="64" count="4" type="stmt"/>
        <line num="65" count="8" type="stmt"/>
        <line num="66" count="8" type="cond" truecount="2" falsecount="0"/>
        <line num="67" count="2" type="cond" truecount="1" falsecount="1"/>
        <line num="68" count="2" type="stmt"/>
        <line num="70" count="6" type="stmt"/>
        <line num="71" count="6" type="cond" truecount="2" falsecount="0"/>
        <line num="72" count="1" type="cond" truecount="1" falsecount="1"/>
        <line num="73" count="1" type="stmt"/>
        <line num="75" count="8" type="stmt"/>
        <line num="76" count="5" type="cond" truecount="1" falsecount="1"/>
        <line num="79" count="4" type="stmt"/>
      </file>
      <file name="projects.ts" path="/Users/stephen/Projects/AIKanban/ai-kanban/packages/server/src/db/models/projects.ts">
        <metrics statements="17" coveredstatements="17" conditionals="8" coveredconditionals="8" methods="5" coveredmethods="5"/>
        <line num="13" count="2" type="stmt"/>
        <line num="17" count="22" type="stmt"/>
        <line num="21" count="12" type="stmt"/>
        <line num="22" count="12" type="stmt"/>
        <line num="23" count="12" type="stmt"/>
        <line num="25" count="12" type="stmt"/>
        <line num="30" count="12" type="stmt"/>
        <line num="37" count="12" type="stmt"/>
        <line num="40" count="12" type="stmt"/>
        <line num="41" count="48" type="stmt"/>
        <line num="44" count="12" type="stmt"/>
        <line num="48" count="4" type="stmt"/>
        <line num="49" count="4" type="cond" truecount="2" falsecount="0"/>
        <line num="51" count="3" type="stmt"/>
        <line num="55" count="4" type="stmt"/>
        <line num="59" count="3" type="stmt"/>
        <line num="60" count="3" type="stmt"/>
      </file>
      <file name="promptTemplates.ts" path="/Users/stephen/Projects/AIKanban/ai-kanban/packages/server/src/db/models/promptTemplates.ts">
        <metrics statements="13" coveredstatements="13" conditionals="18" coveredconditionals="16" methods="5" coveredmethods="5"/>
        <line num="16" count="2" type="cond" truecount="2" falsecount="0"/>
        <line num="17" count="1" type="stmt"/>
        <line num="21" count="1" type="stmt"/>
        <line num="25" count="19" type="stmt"/>
        <line num="35" count="11" type="stmt"/>
        <line num="36" count="11" type="stmt"/>
        <line num="37" count="11" type="stmt"/>
        <line num="41" count="11" type="stmt"/>
        <line num="50" count="3" type="stmt"/>
        <line num="51" count="3" type="cond" truecount="2" falsecount="0"/>
        <line num="53" count="2" type="stmt"/>
        <line num="61" count="3" type="stmt"/>
        <line num="65" count="2" type="stmt"/>
      </file>
      <file name="skills.ts" path="/Users/stephen/Projects/AIKanban/ai-kanban/packages/server/src/db/models/skills.ts">
        <metrics statements="20" coveredstatements="18" conditionals="26" coveredconditionals="22" methods="5" coveredmethods="5"/>
        <line num="18" count="2" type="stmt"/>
        <line num="19" count="2" type="stmt"/>
        <line num="21" count="2" type="cond" truecount="1" falsecount="1"/>
        <line num="22" count="0" type="stmt"/>
        <line num="23" count="0" type="stmt"/>
        <line num="24" count="2" type="cond" truecount="2" falsecount="0"/>
        <line num="25" count="1" type="stmt"/>
        <line num="26" count="1" type="stmt"/>
        <line num="29" count="2" type="stmt"/>
        <line num="30" count="2" type="stmt"/>
        <line num="34" count="19" type="stmt"/>
        <line num="46" count="11" type="stmt"/>
        <line num="47" count="11" type="stmt"/>
        <line num="48" count="11" type="stmt"/>
        <line num="57" count="11" type="stmt"/>
        <line num="67" count="3" type="stmt"/>
        <line num="68" count="3" type="cond" truecount="2" falsecount="0"/>
        <line num="70" count="2" type="stmt"/>
        <line num="82" count="3" type="stmt"/>
        <line num="86" count="2" type="stmt"/>
      </file>
      <file name="statuses.ts" path="/Users/stephen/Projects/AIKanban/ai-kanban/packages/server/src/db/models/statuses.ts">
        <metrics statements="13" coveredstatements="13" conditionals="16" coveredconditionals="16" methods="6" coveredmethods="6"/>
        <line num="14" count="2" type="stmt"/>
        <line num="20" count="27" type="stmt"/>
        <line num="24" count="2" type="stmt"/>
        <line num="30" count="15" type="stmt"/>
        <line num="31" count="15" type="stmt"/>
        <line num="35" count="15" type="stmt"/>
        <line num="39" count="15" type="stmt"/>
        <line num="43" count="5" type="stmt"/>
        <line num="44" count="5" type="cond" truecount="2" falsecount="0"/>
        <line num="46" count="4" type="stmt"/>
        <line num="56" count="5" type="stmt"/>
        <line num="60" count="2" type="stmt"/>
        <line num="61" count="2" type="stmt"/>
      </file>
      <file name="tags.ts" path="/Users/stephen/Projects/AIKanban/ai-kanban/packages/server/src/db/models/tags.ts">
        <metrics statements="8" coveredstatements="8" conditionals="2" coveredconditionals="2" methods="6" coveredmethods="6"/>
        <line num="17" count="3" type="stmt"/>
        <line num="21" count="11" type="stmt"/>
        <line num="22" count="11" type="stmt"/>
        <line num="25" count="11" type="stmt"/>
        <line num="29" count="2" type="stmt"/>
        <line num="33" count="5" type="stmt"/>
        <line num="42" count="6" type="stmt"/>
        <line num="48" count="1" type="stmt"/>
      </file>
      <file name="workItemTemplates.ts" path="/Users/stephen/Projects/AIKanban/ai-kanban/packages/server/src/db/models/workItemTemplates.ts">
        <metrics statements="15" coveredstatements="15" conditionals="28" coveredconditionals="22" methods="7" coveredmethods="7"/>
        <line num="19" count="2" type="cond" truecount="2" falsecount="0"/>
        <line num="20" count="1" type="stmt"/>
        <line num="24" count="1" type="stmt"/>
        <line num="28" count="23" type="stmt"/>
        <line num="40" count="14" type="stmt"/>
        <line num="41" count="14" type="stmt"/>
        <line num="42" count="14" type="stmt"/>
        <line num="50" count="14" type="stmt"/>
        <line num="61" count="3" type="stmt"/>
        <line num="62" count="3" type="cond" truecount="2" falsecount="0"/>
        <line num="64" count="2" type="stmt"/>
        <line num="76" count="3" type="stmt"/>
        <line num="80" count="1" type="stmt"/>
        <line num="86" count="1" type="stmt"/>
        <line num="92" count="2" type="stmt"/>
      </file>
      <file name="workItems.ts" path="/Users/stephen/Projects/AIKanban/ai-kanban/packages/server/src/db/models/workItems.ts">
        <metrics statements="23" coveredstatements="23" conditionals="34" coveredconditionals="32" methods="7" coveredmethods="7"/>
        <line num="20" count="2" type="stmt"/>
        <line num="26" count="44" type="stmt"/>
        <line num="36" count="20" type="stmt"/>
        <line num="37" count="20" type="stmt"/>
        <line num="39" count="20" type="stmt"/>
        <line num="43" count="20" type="stmt"/>
        <line num="53" count="20" type="stmt"/>
        <line num="66" count="8" type="stmt"/>
        <line num="67" count="8" type="cond" truecount="2" falsecount="0"/>
        <line num="69" count="7" type="stmt"/>
        <line num="85" count="8" type="stmt"/>
        <line num="89" count="4" type="stmt"/>
        <line num="90" count="4" type="stmt"/>
        <line num="94" count="4" type="stmt"/>
        <line num="96" count="4" type="stmt"/>
        <line num="97" count="4" type="stmt"/>
        <line num="98" count="4" type="stmt"/>
        <line num="99" count="5" type="cond" truecount="4" falsecount="0"/>
        <line num="100" count="5" type="cond" truecount="2" falsecount="0"/>
        <line num="101" count="3" type="stmt"/>
        <line num="105" count="4" type="stmt"/>
        <line num="109" count="2" type="stmt"/>
        <line num="110" count="2" type="stmt"/>
      </file>
    </package>
    <package name="integrations">
      <metrics statements="9" coveredstatements="9" conditionals="2" coveredconditionals="2" methods="4" coveredmethods="4"/>
      <file name="registry.ts" path="/Users/stephen/Projects/AIKanban/ai-kanban/packages/server/src/integrations/registry.ts">
        <metrics statements="9" coveredstatements="9" conditionals="2" coveredconditionals="2" methods="4" coveredmethods="4"/>
        <line num="7" count="2" type="stmt"/>
        <line num="9" count="2" type="stmt"/>
        <line num="10" count="2" type="stmt"/>
        <line num="11" count="2" type="stmt"/>
        <line num="12" count="2" type="stmt"/>
        <line num="15" count="7" type="stmt"/>
        <line num="19" count="2" type="stmt"/>
        <line num="23" count="1" type="stmt"/>
        <line num="33" count="3" type="stmt"/>
      </file>
    </package>
    <package name="lib">
      <metrics statements="51" coveredstatements="43" conditionals="20" coveredconditionals="14" methods="11" coveredmethods="10"/>
      <file name="crypto.ts" path="/Users/stephen/Projects/AIKanban/ai-kanban/packages/server/src/lib/crypto.ts">
        <metrics statements="20" coveredstatements="20" conditionals="0" coveredconditionals="0" methods="3" coveredmethods="3"/>
        <line num="4" count="2" type="stmt"/>
        <line num="7" count="15" type="stmt"/>
        <line num="8" count="15" type="stmt"/>
        <line num="9" count="15" type="stmt"/>
        <line num="13" count="9" type="stmt"/>
        <line num="14" count="9" type="stmt"/>
        <line num="15" count="9" type="stmt"/>
        <line num="16" count="9" type="stmt"/>
        <line num="17" count="9" type="stmt"/>
        <line num="18" count="9" type="stmt"/>
        <line num="19" count="9" type="stmt"/>
        <line num="23" count="6" type="stmt"/>
        <line num="24" count="6" type="stmt"/>
        <line num="25" count="6" type="stmt"/>
        <line num="26" count="6" type="stmt"/>
        <line num="27" count="6" type="stmt"/>
        <line num="28" count="6" type="stmt"/>
        <line num="29" count="6" type="stmt"/>
        <line num="30" count="6" type="stmt"/>
        <line num="31" count="6" type="stmt"/>
      </file>
      <file name="enterpriseConfig.ts" path="/Users/stephen/Projects/AIKanban/ai-kanban/packages/server/src/lib/enterpriseConfig.ts">
        <metrics statements="28" coveredstatements="20" conditionals="20" coveredconditionals="14" methods="5" coveredmethods="4"/>
        <line num="1" count="2" type="stmt"/>
        <line num="2" count="2" type="stmt"/>
        <line num="4" count="2" type="stmt"/>
        <line num="17" count="15" type="stmt"/>
        <line num="21" count="12" type="stmt"/>
        <line num="22" count="12" type="cond" truecount="2" falsecount="0"/>
        <line num="26" count="12" type="cond" truecount="2" falsecount="0"/>
        <line num="27" count="3" type="stmt"/>
        <line num="28" count="1" type="stmt"/>
        <line num="29" count="1" type="stmt"/>
        <line num="30" count="8" type="stmt"/>
        <line num="32" count="11" type="cond" truecount="2" falsecount="0"/>
        <line num="33" count="3" type="stmt"/>
        <line num="38" count="8" type="stmt"/>
        <line num="39" count="8" type="stmt"/>
        <line num="40" count="64" type="stmt"/>
        <line num="45" count="12" type="cond" truecount="2" falsecount="0"/>
        <line num="46" count="2" type="stmt"/>
        <line num="48" count="12" type="cond" truecount="2" falsecount="0"/>
        <line num="52" count="12" type="stmt"/>
        <line num="63" count="0" type="stmt"/>
        <line num="65" count="0" type="cond" truecount="0" falsecount="2"/>
        <line num="66" count="0" type="cond" truecount="0" falsecount="2"/>
        <line num="67" count="0" type="stmt"/>
        <line num="68" count="0" type="stmt"/>
        <line num="70" count="0" type="stmt"/>
        <line num="72" count="0" type="cond" truecount="0" falsecount="2"/>
        <line num="73" count="0" type="stmt"/>
      </file>
      <file name="keyManagement.ts" path="/Users/stephen/Projects/AIKanban/ai-kanban/packages/server/src/lib/keyManagement.ts">
        <metrics statements="2" coveredstatements="2" conditionals="0" coveredconditionals="0" methods="2" coveredmethods="2"/>
        <line num="9" count="1" type="stmt"/>
        <line num="17" count="1" type="stmt"/>
      </file>
      <file name="uuid.ts" path="/Users/stephen/Projects/AIKanban/ai-kanban/packages/server/src/lib/uuid.ts">
        <metrics statements="1" coveredstatements="1" conditionals="0" coveredconditionals="0" methods="1" coveredmethods="1"/>
        <line num="4" count="102" type="stmt"/>
      </file>
    </package>
    <package name="middleware">
      <metrics statements="10" coveredstatements="10" conditionals="8" coveredconditionals="8" methods="2" coveredmethods="2"/>
      <file name="errorHandler.ts" path="/Users/stephen/Projects/AIKanban/ai-kanban/packages/server/src/middleware/errorHandler.ts">
        <metrics statements="7" coveredstatements="7" conditionals="6" coveredconditionals="6" methods="1" coveredmethods="1"/>
        <line num="6" count="4" type="cond" truecount="2" falsecount="0"/>
        <line num="7" count="1" type="stmt"/>
        <line num="8" count="1" type="stmt"/>
        <line num="11" count="3" type="stmt"/>
        <line num="13" count="3" type="cond" truecount="2" falsecount="0"/>
        <line num="14" count="1" type="stmt"/>
        <line num="16" count="2" type="cond" truecount="2" falsecount="0"/>
      </file>
      <file name="ssoValidation.ts" path="/Users/stephen/Projects/AIKanban/ai-kanban/packages/server/src/middleware/ssoValidation.ts">
        <metrics statements="3" coveredstatements="3" conditionals="2" coveredconditionals="2" methods="1" coveredmethods="1"/>
        <line num="12" count="2" type="cond" truecount="2" falsecount="0"/>
        <line num="13" count="1" type="stmt"/>
        <line num="21" count="1" type="stmt"/>
      </file>
    </package>
    <package name="services">
      <metrics statements="16" coveredstatements="16" conditionals="10" coveredconditionals="8" methods="4" coveredmethods="4"/>
      <file name="eventLog.ts" path="/Users/stephen/Projects/AIKanban/ai-kanban/packages/server/src/services/eventLog.ts">
        <metrics statements="16" coveredstatements="16" conditionals="10" coveredconditionals="8" methods="4" coveredmethods="4"/>
        <line num="10" count="2" type="stmt"/>
        <line num="11" count="2" type="stmt"/>
        <line num="12" count="2" type="stmt"/>
        <line num="15" count="120" type="stmt"/>
        <line num="23" count="120" type="stmt"/>
        <line num="24" count="120" type="cond" truecount="2" falsecount="0"/>
        <line num="25" count="10" type="stmt"/>
        <line num="29" count="120" type="stmt"/>
        <line num="30" count="120" type="cond" truecount="2" falsecount="0"/>
        <line num="31" count="1" type="cond" truecount="1" falsecount="1"/>
        <line num="32" count="119" type="cond" truecount="2" falsecount="0"/>
        <line num="33" count="1" type="cond" truecount="1" falsecount="1"/>
        <line num="35" count="118" type="stmt"/>
        <line num="41" count="1" type="stmt"/>
        <line num="45" count="9" type="stmt"/>
        <line num="49" count="11" type="stmt"/>
      </file>
    </package>
  </project>
</coverage>
