{"/Users/stephen/Projects/AIKanban/ai-kanban/packages/server/src/agent/prompts.ts": {"path":"/Users/stephen/Projects/AIKanban/ai-kanban/packages/server/src/agent/prompts.ts","statementMap":{"0":{"start":{"line":2,"column":2},"end":{"line":4,"column":null}},"1":{"start":{"line":3,"column":4},"end":{"line":3,"column":null}},"2":{"start":{"line":16,"column":26},"end":{"line":18,"column":null}},"3":{"start":{"line":20,"column":2},"end":{"line":20,"column":null}},"4":{"start":{"line":20,"column":28},"end":{"line":20,"column":null}},"5":{"start":{"line":21,"column":2},"end":{"line":21,"column":null}},"6":{"start":{"line":21,"column":28},"end":{"line":21,"column":null}},"7":{"start":{"line":22,"column":2},"end":{"line":22,"column":null}},"8":{"start":{"line":22,"column":29},"end":{"line":22,"column":null}},"9":{"start":{"line":24,"column":2},"end":{"line":30,"column":null}},"10":{"start":{"line":25,"column":4},"end":{"line":25,"column":null}},"11":{"start":{"line":26,"column":4},"end":{"line":26,"column":null}},"12":{"start":{"line":27,"column":4},"end":{"line":29,"column":null}},"13":{"start":{"line":28,"column":6},"end":{"line":28,"column":null}},"14":{"start":{"line":32,"column":2},"end":{"line":39,"column":null}},"15":{"start":{"line":33,"column":4},"end":{"line":33,"column":null}},"16":{"start":{"line":34,"column":4},"end":{"line":34,"column":null}},"17":{"start":{"line":35,"column":4},"end":{"line":37,"column":null}},"18":{"start":{"line":36,"column":6},"end":{"line":36,"column":null}},"19":{"start":{"line":38,"column":4},"end":{"line":38,"column":null}},"20":{"start":{"line":41,"column":2},"end":{"line":46,"column":null}},"21":{"start":{"line":42,"column":4},"end":{"line":42,"column":null}},"22":{"start":{"line":43,"column":4},"end":{"line":45,"column":null}},"23":{"start":{"line":44,"column":6},"end":{"line":44,"column":null}},"24":{"start":{"line":48,"column":2},"end":{"line":48,"column":null}},"25":{"start":{"line":52,"column":2},"end":{"line":52,"column":null}},"26":{"start":{"line":52,"column":21},"end":{"line":52,"column":null}},"27":{"start":{"line":53,"column":16},"end":{"line":53,"column":null}},"28":{"start":{"line":54,"column":2},"end":{"line":64,"column":null}},"29":{"start":{"line":55,"column":4},"end":{"line":55,"column":null}},"30":{"start":{"line":56,"column":4},"end":{"line":63,"column":null}},"31":{"start":{"line":57,"column":6},"end":{"line":57,"column":null}},"32":{"start":{"line":59,"column":6},"end":{"line":59,"column":null}},"33":{"start":{"line":60,"column":6},"end":{"line":60,"column":null}},"34":{"start":{"line":61,"column":6},"end":{"line":61,"column":null}},"35":{"start":{"line":61,"column":33},"end":{"line":61,"column":null}},"36":{"start":{"line":62,"column":6},"end":{"line":62,"column":null}},"37":{"start":{"line":62,"column":25},"end":{"line":62,"column":null}},"38":{"start":{"line":65,"column":2},"end":{"line":65,"column":null}}},"fnMap":{"0":{"name":"resolveTemplate","decl":{"start":{"line":1,"column":16},"end":{"line":1,"column":32}},"loc":{"start":{"line":1,"column":93},"end":{"line":5,"column":null}},"line":1},"1":{"name":"(anonymous_1)","decl":{"start":{"line":2,"column":44},"end":{"line":2,"column":45}},"loc":{"start":{"line":2,"column":60},"end":{"line":4,"column":3}},"line":2},"2":{"name":"buildWorkItemContext","decl":{"start":{"line":7,"column":16},"end":{"line":7,"column":37}},"loc":{"start":{"line":15,"column":11},"end":{"line":49,"column":null}},"line":15},"3":{"name":"buildIntegrationContext","decl":{"start":{"line":51,"column":16},"end":{"line":51,"column":40}},"loc":{"start":{"line":51,"column":93},"end":{"line":66,"column":null}},"line":51}},"branchMap":{"0":{"loc":{"start":{"line":3,"column":11},"end":{"line":3,"column":null}},"type":"cond-expr","locations":[{"start":{"line":3,"column":42},"end":{"line":3,"column":59}},{"start":{"line":3,"column":59},"end":{"line":3,"column":null}}],"line":3},"1":{"loc":{"start":{"line":20,"column":2},"end":{"line":20,"column":null}},"type":"if","locations":[{"start":{"line":20,"column":2},"end":{"line":20,"column":null}},{"start":{},"end":{}}],"line":20},"2":{"loc":{"start":{"line":21,"column":2},"end":{"line":21,"column":null}},"type":"if","locations":[{"start":{"line":21,"column":2},"end":{"line":21,"column":null}},{"start":{},"end":{}}],"line":21},"3":{"loc":{"start":{"line":22,"column":2},"end":{"line":22,"column":null}},"type":"if","locations":[{"start":{"line":22,"column":2},"end":{"line":22,"column":null}},{"start":{},"end":{}}],"line":22},"4":{"loc":{"start":{"line":24,"column":2},"end":{"line":30,"column":null}},"type":"if","locations":[{"start":{"line":24,"column":2},"end":{"line":30,"column":null}},{"start":{},"end":{}}],"line":24},"5":{"loc":{"start":{"line":32,"column":2},"end":{"line":39,"column":null}},"type":"if","locations":[{"start":{"line":32,"column":2},"end":{"line":39,"column":null}},{"start":{},"end":{}}],"line":32},"6":{"loc":{"start":{"line":41,"column":2},"end":{"line":46,"column":null}},"type":"if","locations":[{"start":{"line":41,"column":2},"end":{"line":46,"column":null}},{"start":{},"end":{}}],"line":41},"7":{"loc":{"start":{"line":44,"column":51},"end":{"line":44,"column":85}},"type":"cond-expr","locations":[{"start":{"line":44,"column":63},"end":{"line":44,"column":83}},{"start":{"line":44,"column":83},"end":{"line":44,"column":85}}],"line":44},"8":{"loc":{"start":{"line":52,"column":2},"end":{"line":52,"column":null}},"type":"if","locations":[{"start":{"line":52,"column":2},"end":{"line":52,"column":null}},{"start":{},"end":{}}],"line":52},"9":{"loc":{"start":{"line":56,"column":4},"end":{"line":63,"column":null}},"type":"if","locations":[{"start":{"line":56,"column":4},"end":{"line":63,"column":null}},{"start":{"line":58,"column":11},"end":{"line":63,"column":null}}],"line":56},"10":{"loc":{"start":{"line":61,"column":6},"end":{"line":61,"column":null}},"type":"if","locations":[{"start":{"line":61,"column":6},"end":{"line":61,"column":null}},{"start":{},"end":{}}],"line":61},"11":{"loc":{"start":{"line":62,"column":6},"end":{"line":62,"column":null}},"type":"if","locations":[{"start":{"line":62,"column":6},"end":{"line":62,"column":null}},{"start":{},"end":{}}],"line":62}},"s":{"0":6,"1":7,"2":9,"3":9,"4":1,"5":9,"6":1,"7":9,"8":1,"9":9,"10":1,"11":1,"12":1,"13":1,"14":9,"15":1,"16":1,"17":1,"18":1,"19":1,"20":9,"21":2,"22":2,"23":2,"24":9,"25":4,"26":1,"27":3,"28":3,"29":4,"30":4,"31":3,"32":1,"33":1,"34":1,"35":1,"36":1,"37":1,"38":3},"f":{"0":6,"1":7,"2":9,"3":4},"b":{"0":[6,1],"1":[1,8],"2":[1,8],"3":[1,8],"4":[1,8],"5":[1,8],"6":[2,7],"7":[1,1],"8":[1,3],"9":[3,1],"10":[1,0],"11":[1,0]},"meta":{"lastBranch":12,"lastFunction":4,"lastStatement":39,"seen":{"f:1:16:1:32":0,"s:2:2:4:Infinity":0,"f:2:44:2:45":1,"s:3:4:3:Infinity":1,"b:3:42:3:59:3:59:3:Infinity":0,"f:7:16:7:37":2,"s:16:26:18:Infinity":2,"b:20:2:20:Infinity:undefined:undefined:undefined:undefined":1,"s:20:2:20:Infinity":3,"s:20:28:20:Infinity":4,"b:21:2:21:Infinity:undefined:undefined:undefined:undefined":2,"s:21:2:21:Infinity":5,"s:21:28:21:Infinity":6,"b:22:2:22:Infinity:undefined:undefined:undefined:undefined":3,"s:22:2:22:Infinity":7,"s:22:29:22:Infinity":8,"b:24:2:30:Infinity:undefined:undefined:undefined:undefined":4,"s:24:2:30:Infinity":9,"s:25:4:25:Infinity":10,"s:26:4:26:Infinity":11,"s:27:4:29:Infinity":12,"s:28:6:28:Infinity":13,"b:32:2:39:Infinity:undefined:undefined:undefined:undefined":5,"s:32:2:39:Infinity":14,"s:33:4:33:Infinity":15,"s:34:4:34:Infinity":16,"s:35:4:37:Infinity":17,"s:36:6:36:Infinity":18,"s:38:4:38:Infinity":19,"b:41:2:46:Infinity:undefined:undefined:undefined:undefined":6,"s:41:2:46:Infinity":20,"s:42:4:42:Infinity":21,"s:43:4:45:Infinity":22,"s:44:6:44:Infinity":23,"b:44:63:44:83:44:83:44:85":7,"s:48:2:48:Infinity":24,"f:51:16:51:40":3,"b:52:2:52:Infinity:undefined:undefined:undefined:undefined":8,"s:52:2:52:Infinity":25,"s:52:21:52:Infinity":26,"s:53:16:53:Infinity":27,"s:54:2:64:Infinity":28,"s:55:4:55:Infinity":29,"b:56:4:63:Infinity:58:11:63:Infinity":9,"s:56:4:63:Infinity":30,"s:57:6:57:Infinity":31,"s:59:6:59:Infinity":32,"s:60:6:60:Infinity":33,"b:61:6:61:Infinity:undefined:undefined:undefined:undefined":10,"s:61:6:61:Infinity":34,"s:61:33:61:Infinity":35,"b:62:6:62:Infinity:undefined:undefined:undefined:undefined":11,"s:62:6:62:Infinity":36,"s:62:25:62:Infinity":37,"s:65:2:65:Infinity":38}}}
,"/Users/stephen/Projects/AIKanban/ai-kanban/packages/server/src/db/connection.ts": {"path":"/Users/stephen/Projects/AIKanban/ai-kanban/packages/server/src/db/connection.ts","statementMap":{"0":{"start":{"line":5,"column":35},"end":{"line":5,"column":null}},"1":{"start":{"line":8,"column":2},"end":{"line":17,"column":null}},"2":{"start":{"line":9,"column":19},"end":{"line":9,"column":null}},"3":{"start":{"line":10,"column":16},"end":{"line":10,"column":null}},"4":{"start":{"line":11,"column":4},"end":{"line":13,"column":null}},"5":{"start":{"line":12,"column":6},"end":{"line":12,"column":null}},"6":{"start":{"line":14,"column":4},"end":{"line":14,"column":null}},"7":{"start":{"line":15,"column":4},"end":{"line":15,"column":null}},"8":{"start":{"line":16,"column":4},"end":{"line":16,"column":null}},"9":{"start":{"line":18,"column":2},"end":{"line":18,"column":null}},"10":{"start":{"line":22,"column":2},"end":{"line":25,"column":null}},"11":{"start":{"line":23,"column":4},"end":{"line":23,"column":null}},"12":{"start":{"line":24,"column":4},"end":{"line":24,"column":null}}},"fnMap":{"0":{"name":"getDb","decl":{"start":{"line":7,"column":16},"end":{"line":7,"column":43}},"loc":{"start":{"line":7,"column":43},"end":{"line":19,"column":null}},"line":7},"1":{"name":"closeDb","decl":{"start":{"line":21,"column":16},"end":{"line":21,"column":32}},"loc":{"start":{"line":21,"column":32},"end":{"line":26,"column":null}},"line":21}},"branchMap":{"0":{"loc":{"start":{"line":8,"column":2},"end":{"line":17,"column":null}},"type":"if","locations":[{"start":{"line":8,"column":2},"end":{"line":17,"column":null}},{"start":{},"end":{}}],"line":8},"1":{"loc":{"start":{"line":9,"column":19},"end":{"line":9,"column":null}},"type":"binary-expr","locations":[{"start":{"line":9,"column":19},"end":{"line":9,"column":48}},{"start":{"line":9,"column":48},"end":{"line":9,"column":null}}],"line":9},"2":{"loc":{"start":{"line":11,"column":4},"end":{"line":13,"column":null}},"type":"if","locations":[{"start":{"line":11,"column":4},"end":{"line":13,"column":null}},{"start":{},"end":{}}],"line":11},"3":{"loc":{"start":{"line":22,"column":2},"end":{"line":25,"column":null}},"type":"if","locations":[{"start":{"line":22,"column":2},"end":{"line":25,"column":null}},{"start":{},"end":{}}],"line":22}},"s":{"0":4,"1":6,"2":5,"3":5,"4":5,"5":1,"6":5,"7":5,"8":5,"9":6,"10":5,"11":5,"12":5},"f":{"0":6,"1":5},"b":{"0":[5,1],"1":[5,0],"2":[1,4],"3":[5,0]},"meta":{"lastBranch":4,"lastFunction":2,"lastStatement":13,"seen":{"s:5:35:5:Infinity":0,"f:7:16:7:43":0,"b:8:2:17:Infinity:undefined:undefined:undefined:undefined":0,"s:8:2:17:Infinity":1,"s:9:19:9:Infinity":2,"b:9:19:9:48:9:48:9:Infinity":1,"s:10:16:10:Infinity":3,"b:11:4:13:Infinity:undefined:undefined:undefined:undefined":2,"s:11:4:13:Infinity":4,"s:12:6:12:Infinity":5,"s:14:4:14:Infinity":6,"s:15:4:15:Infinity":7,"s:16:4:16:Infinity":8,"s:18:2:18:Infinity":9,"f:21:16:21:32":1,"b:22:2:25:Infinity:undefined:undefined:undefined:undefined":3,"s:22:2:25:Infinity":10,"s:23:4:23:Infinity":11,"s:24:4:24:Infinity":12}}}
,"/Users/stephen/Projects/AIKanban/ai-kanban/packages/server/src/db/models/agentRuns.ts": {"path":"/Users/stephen/Projects/AIKanban/ai-kanban/packages/server/src/db/models/agentRuns.ts","statementMap":{"0":{"start":{"line":17,"column":2},"end":{"line":17,"column":null}},"1":{"start":{"line":21,"column":2},"end":{"line":23,"column":null}},"2":{"start":{"line":31,"column":8},"end":{"line":31,"column":null}},"3":{"start":{"line":32,"column":2},"end":{"line":34,"column":null}},"4":{"start":{"line":35,"column":2},"end":{"line":35,"column":null}},"5":{"start":{"line":39,"column":2},"end":{"line":41,"column":null}},"6":{"start":{"line":42,"column":2},"end":{"line":42,"column":null}}},"fnMap":{"0":{"name":"getAgentRun","decl":{"start":{"line":16,"column":16},"end":{"line":16,"column":28}},"loc":{"start":{"line":16,"column":62},"end":{"line":18,"column":null}},"line":16},"1":{"name":"listAgentRuns","decl":{"start":{"line":20,"column":16},"end":{"line":20,"column":30}},"loc":{"start":{"line":20,"column":62},"end":{"line":24,"column":null}},"line":20},"2":{"name":"createAgentRun","decl":{"start":{"line":26,"column":16},"end":{"line":26,"column":31}},"loc":{"start":{"line":30,"column":13},"end":{"line":36,"column":null}},"line":30},"3":{"name":"completeAgentRun","decl":{"start":{"line":38,"column":16},"end":{"line":38,"column":33}},"loc":{"start":{"line":38,"column":135},"end":{"line":43,"column":null}},"line":38}},"branchMap":{"0":{"loc":{"start":{"line":34,"column":13},"end":{"line":34,"column":40}},"type":"binary-expr","locations":[{"start":{"line":34,"column":13},"end":{"line":34,"column":34}},{"start":{"line":34,"column":34},"end":{"line":34,"column":40}}],"line":34},"1":{"loc":{"start":{"line":34,"column":40},"end":{"line":34,"column":63}},"type":"binary-expr","locations":[{"start":{"line":34,"column":40},"end":{"line":34,"column":57}},{"start":{"line":34,"column":57},"end":{"line":34,"column":63}}],"line":34},"2":{"loc":{"start":{"line":41,"column":25},"end":{"line":41,"column":44}},"type":"binary-expr","locations":[{"start":{"line":41,"column":25},"end":{"line":41,"column":38}},{"start":{"line":41,"column":38},"end":{"line":41,"column":44}}],"line":41}},"s":{"0":14,"1":1,"2":9,"3":9,"4":9,"5":3,"6":3},"f":{"0":14,"1":1,"2":9,"3":3},"b":{"0":[9,6],"1":[9,9],"2":[3,2]},"meta":{"lastBranch":3,"lastFunction":4,"lastStatement":7,"seen":{"f:16:16:16:28":0,"s:17:2:17:Infinity":0,"f:20:16:20:30":1,"s:21:2:23:Infinity":1,"f:26:16:26:31":2,"s:31:8:31:Infinity":2,"s:32:2:34:Infinity":3,"b:34:13:34:34:34:34:34:40":0,"b:34:40:34:57:34:57:34:63":1,"s:35:2:35:Infinity":4,"f:38:16:38:33":3,"s:39:2:41:Infinity":5,"b:41:25:41:38:41:38:41:44":2,"s:42:2:42:Infinity":6}}}
,"/Users/stephen/Projects/AIKanban/ai-kanban/packages/server/src/db/models/clarificationMessages.ts": {"path":"/Users/stephen/Projects/AIKanban/ai-kanban/packages/server/src/db/models/clarificationMessages.ts","statementMap":{"0":{"start":{"line":13,"column":2},"end":{"line":15,"column":null}},"1":{"start":{"line":23,"column":8},"end":{"line":23,"column":null}},"2":{"start":{"line":24,"column":2},"end":{"line":26,"column":null}},"3":{"start":{"line":27,"column":2},"end":{"line":27,"column":null}}},"fnMap":{"0":{"name":"listMessages","decl":{"start":{"line":12,"column":16},"end":{"line":12,"column":29}},"loc":{"start":{"line":12,"column":73},"end":{"line":16,"column":null}},"line":12},"1":{"name":"createMessage","decl":{"start":{"line":18,"column":16},"end":{"line":18,"column":30}},"loc":{"start":{"line":22,"column":25},"end":{"line":28,"column":null}},"line":22}},"branchMap":{},"s":{"0":2,"1":4,"2":4,"3":4},"f":{"0":2,"1":4},"b":{},"meta":{"lastBranch":0,"lastFunction":2,"lastStatement":4,"seen":{"f:12:16:12:29":0,"s:13:2:15:Infinity":0,"f:18:16:18:30":1,"s:23:8:23:Infinity":1,"s:24:2:26:Infinity":2,"s:27:2:27:Infinity":3}}}
,"/Users/stephen/Projects/AIKanban/ai-kanban/packages/server/src/db/models/driveRoots.ts": {"path":"/Users/stephen/Projects/AIKanban/ai-kanban/packages/server/src/db/models/driveRoots.ts","statementMap":{"0":{"start":{"line":14,"column":2},"end":{"line":16,"column":null}},"1":{"start":{"line":15,"column":4},"end":{"line":15,"column":null}},"2":{"start":{"line":17,"column":2},"end":{"line":17,"column":null}},"3":{"start":{"line":21,"column":2},"end":{"line":21,"column":null}},"4":{"start":{"line":25,"column":18},"end":{"line":25,"column":null}},"5":{"start":{"line":26,"column":8},"end":{"line":26,"column":null}},"6":{"start":{"line":27,"column":2},"end":{"line":29,"column":null}},"7":{"start":{"line":30,"column":2},"end":{"line":30,"column":null}},"8":{"start":{"line":34,"column":19},"end":{"line":34,"column":null}},"9":{"start":{"line":35,"column":2},"end":{"line":35,"column":null}},"10":{"start":{"line":35,"column":17},"end":{"line":35,"column":null}},"11":{"start":{"line":36,"column":2},"end":{"line":38,"column":null}},"12":{"start":{"line":39,"column":2},"end":{"line":39,"column":null}},"13":{"start":{"line":43,"column":2},"end":{"line":43,"column":null}}},"fnMap":{"0":{"name":"listDriveRoots","decl":{"start":{"line":13,"column":16},"end":{"line":13,"column":31}},"loc":{"start":{"line":13,"column":74},"end":{"line":18,"column":null}},"line":13},"1":{"name":"getDriveRoot","decl":{"start":{"line":20,"column":16},"end":{"line":20,"column":29}},"loc":{"start":{"line":20,"column":64},"end":{"line":22,"column":null}},"line":20},"2":{"name":"createDriveRoot","decl":{"start":{"line":24,"column":16},"end":{"line":24,"column":32}},"loc":{"start":{"line":24,"column":133},"end":{"line":31,"column":null}},"line":24},"3":{"name":"updateDriveRoot","decl":{"start":{"line":33,"column":16},"end":{"line":33,"column":32}},"loc":{"start":{"line":33,"column":129},"end":{"line":40,"column":null}},"line":33},"4":{"name":"deleteDriveRoot","decl":{"start":{"line":42,"column":16},"end":{"line":42,"column":32}},"loc":{"start":{"line":42,"column":53},"end":{"line":44,"column":null}},"line":42}},"branchMap":{"0":{"loc":{"start":{"line":14,"column":2},"end":{"line":16,"column":null}},"type":"if","locations":[{"start":{"line":14,"column":2},"end":{"line":16,"column":null}},{"start":{},"end":{}}],"line":14},"1":{"loc":{"start":{"line":25,"column":18},"end":{"line":25,"column":null}},"type":"binary-expr","locations":[{"start":{"line":25,"column":18},"end":{"line":25,"column":34}},{"start":{"line":25,"column":34},"end":{"line":25,"column":null}}],"line":25},"2":{"loc":{"start":{"line":29,"column":34},"end":{"line":29,"column":58}},"type":"binary-expr","locations":[{"start":{"line":29,"column":34},"end":{"line":29,"column":54}},{"start":{"line":29,"column":54},"end":{"line":29,"column":58}}],"line":29},"3":{"loc":{"start":{"line":35,"column":2},"end":{"line":35,"column":null}},"type":"if","locations":[{"start":{"line":35,"column":2},"end":{"line":35,"column":null}},{"start":{},"end":{}}],"line":35},"4":{"loc":{"start":{"line":38,"column":8},"end":{"line":38,"column":36}},"type":"binary-expr","locations":[{"start":{"line":38,"column":8},"end":{"line":38,"column":21}},{"start":{"line":38,"column":21},"end":{"line":38,"column":36}}],"line":38},"5":{"loc":{"start":{"line":38,"column":36},"end":{"line":38,"column":64}},"type":"binary-expr","locations":[{"start":{"line":38,"column":36},"end":{"line":38,"column":49}},{"start":{"line":38,"column":49},"end":{"line":38,"column":64}}],"line":38},"6":{"loc":{"start":{"line":38,"column":64},"end":{"line":38,"column":106}},"type":"binary-expr","locations":[{"start":{"line":38,"column":64},"end":{"line":38,"column":84}},{"start":{"line":38,"column":84},"end":{"line":38,"column":106}}],"line":38}},"s":{"0":7,"1":2,"2":5,"3":28,"4":22,"5":22,"6":22,"7":22,"8":2,"9":2,"10":1,"11":1,"12":2,"13":2},"f":{"0":7,"1":28,"2":22,"3":2,"4":2},"b":{"0":[2,5],"1":[22,12],"2":[22,21],"3":[1,1],"4":[1,0],"5":[2,0],"6":[2,1]},"meta":{"lastBranch":7,"lastFunction":5,"lastStatement":14,"seen":{"f:13:16:13:31":0,"b:14:2:16:Infinity:undefined:undefined:undefined:undefined":0,"s:14:2:16:Infinity":0,"s:15:4:15:Infinity":1,"s:17:2:17:Infinity":2,"f:20:16:20:29":1,"s:21:2:21:Infinity":3,"f:24:16:24:32":2,"s:25:18:25:Infinity":4,"b:25:18:25:34:25:34:25:Infinity":1,"s:26:8:26:Infinity":5,"s:27:2:29:Infinity":6,"b:29:34:29:54:29:54:29:58":2,"s:30:2:30:Infinity":7,"f:33:16:33:32":3,"s:34:19:34:Infinity":8,"b:35:2:35:Infinity:undefined:undefined:undefined:undefined":3,"s:35:2:35:Infinity":9,"s:35:17:35:Infinity":10,"s:36:2:38:Infinity":11,"b:38:8:38:21:38:21:38:36":4,"b:38:36:38:49:38:49:38:64":5,"b:38:64:38:84:38:84:38:106":6,"s:39:2:39:Infinity":12,"f:42:16:42:32":4,"s:43:2:43:Infinity":13}}}
,"/Users/stephen/Projects/AIKanban/ai-kanban/packages/server/src/db/models/fileReferences.ts": {"path":"/Users/stephen/Projects/AIKanban/ai-kanban/packages/server/src/db/models/fileReferences.ts","statementMap":{"0":{"start":{"line":15,"column":2},"end":{"line":17,"column":null}},"1":{"start":{"line":26,"column":8},"end":{"line":26,"column":null}},"2":{"start":{"line":27,"column":2},"end":{"line":29,"column":null}},"3":{"start":{"line":30,"column":2},"end":{"line":30,"column":null}},"4":{"start":{"line":34,"column":2},"end":{"line":34,"column":null}}},"fnMap":{"0":{"name":"listFileReferences","decl":{"start":{"line":14,"column":16},"end":{"line":14,"column":35}},"loc":{"start":{"line":14,"column":72},"end":{"line":18,"column":null}},"line":14},"1":{"name":"createFileReference","decl":{"start":{"line":20,"column":16},"end":{"line":20,"column":36}},"loc":{"start":{"line":25,"column":18},"end":{"line":31,"column":null}},"line":25},"2":{"name":"deleteFileReference","decl":{"start":{"line":33,"column":16},"end":{"line":33,"column":36}},"loc":{"start":{"line":33,"column":57},"end":{"line":35,"column":null}},"line":33}},"branchMap":{"0":{"loc":{"start":{"line":29,"column":24},"end":{"line":29,"column":52}},"type":"binary-expr","locations":[{"start":{"line":29,"column":24},"end":{"line":29,"column":46}},{"start":{"line":29,"column":46},"end":{"line":29,"column":52}}],"line":29},"1":{"loc":{"start":{"line":29,"column":63},"end":{"line":29,"column":81}},"type":"binary-expr","locations":[{"start":{"line":29,"column":63},"end":{"line":29,"column":77}},{"start":{"line":29,"column":77},"end":{"line":29,"column":81}}],"line":29},"2":{"loc":{"start":{"line":29,"column":81},"end":{"line":29,"column":109}},"type":"binary-expr","locations":[{"start":{"line":29,"column":81},"end":{"line":29,"column":98}},{"start":{"line":29,"column":98},"end":{"line":29,"column":109}}],"line":29}},"s":{"0":3,"1":5,"2":5,"3":5,"4":2},"f":{"0":3,"1":5,"2":2},"b":{"0":[5,5],"1":[5,4],"2":[5,2]},"meta":{"lastBranch":3,"lastFunction":3,"lastStatement":5,"seen":{"f:14:16:14:35":0,"s:15:2:17:Infinity":0,"f:20:16:20:36":1,"s:26:8:26:Infinity":1,"s:27:2:29:Infinity":2,"b:29:24:29:46:29:46:29:52":0,"b:29:63:29:77:29:77:29:81":1,"b:29:81:29:98:29:98:29:109":2,"s:30:2:30:Infinity":3,"f:33:16:33:36":2,"s:34:2:34:Infinity":4}}}
,"/Users/stephen/Projects/AIKanban/ai-kanban/packages/server/src/db/models/integrations.ts": {"path":"/Users/stephen/Projects/AIKanban/ai-kanban/packages/server/src/db/models/integrations.ts","statementMap":{"0":{"start":{"line":24,"column":2},"end":{"line":24,"column":null}},"1":{"start":{"line":24,"column":25},"end":{"line":24,"column":null}},"2":{"start":{"line":25,"column":2},"end":{"line":25,"column":null}},"3":{"start":{"line":29,"column":34},"end":{"line":29,"column":null}},"4":{"start":{"line":30,"column":18},"end":{"line":30,"column":null}},"5":{"start":{"line":31,"column":2},"end":{"line":31,"column":null}},"6":{"start":{"line":31,"column":8},"end":{"line":31,"column":41}},"7":{"start":{"line":31,"column":51},"end":{"line":31,"column":75}},"8":{"start":{"line":32,"column":2},"end":{"line":32,"column":null}},"9":{"start":{"line":36,"column":8},"end":{"line":36,"column":null}},"10":{"start":{"line":37,"column":2},"end":{"line":37,"column":null}},"11":{"start":{"line":41,"column":2},"end":{"line":41,"column":null}},"12":{"start":{"line":45,"column":14},"end":{"line":45,"column":null}},"13":{"start":{"line":46,"column":2},"end":{"line":46,"column":null}},"14":{"start":{"line":46,"column":12},"end":{"line":46,"column":null}},"15":{"start":{"line":47,"column":24},"end":{"line":47,"column":null}},"16":{"start":{"line":48,"column":2},"end":{"line":48,"column":null}},"17":{"start":{"line":48,"column":8},"end":{"line":48,"column":51}},"18":{"start":{"line":48,"column":61},"end":{"line":48,"column":95}},"19":{"start":{"line":49,"column":2},"end":{"line":49,"column":null}},"20":{"start":{"line":61,"column":8},"end":{"line":61,"column":null}},"21":{"start":{"line":62,"column":8},"end":{"line":62,"column":null}},"22":{"start":{"line":63,"column":8},"end":{"line":63,"column":null}},"23":{"start":{"line":65,"column":2},"end":{"line":71,"column":null}},"24":{"start":{"line":73,"column":2},"end":{"line":73,"column":null}},"25":{"start":{"line":85,"column":19},"end":{"line":85,"column":null}},"26":{"start":{"line":86,"column":2},"end":{"line":86,"column":null}},"27":{"start":{"line":86,"column":17},"end":{"line":86,"column":null}},"28":{"start":{"line":88,"column":16},"end":{"line":88,"column":null}},"29":{"start":{"line":90,"column":2},"end":{"line":100,"column":null}},"30":{"start":{"line":102,"column":2},"end":{"line":102,"column":null}},"31":{"start":{"line":106,"column":2},"end":{"line":106,"column":null}}},"fnMap":{"0":{"name":"maskToken","decl":{"start":{"line":23,"column":9},"end":{"line":23,"column":19}},"loc":{"start":{"line":23,"column":42},"end":{"line":26,"column":null}},"line":23},"1":{"name":"toPublic","decl":{"start":{"line":28,"column":9},"end":{"line":28,"column":18}},"loc":{"start":{"line":28,"column":63},"end":{"line":33,"column":null}},"line":28},"2":{"name":"listIntegrations","decl":{"start":{"line":35,"column":16},"end":{"line":35,"column":56}},"loc":{"start":{"line":35,"column":56},"end":{"line":38,"column":null}},"line":35},"3":{"name":"getIntegration","decl":{"start":{"line":40,"column":16},"end":{"line":40,"column":31}},"loc":{"start":{"line":40,"column":68},"end":{"line":42,"column":null}},"line":40},"4":{"name":"getIntegrationDecrypted","decl":{"start":{"line":44,"column":16},"end":{"line":44,"column":40}},"loc":{"start":{"line":44,"column":109},"end":{"line":50,"column":null}},"line":44},"5":{"name":"createIntegration","decl":{"start":{"line":52,"column":16},"end":{"line":52,"column":34}},"loc":{"start":{"line":60,"column":22},"end":{"line":74,"column":null}},"line":60},"6":{"name":"updateIntegration","decl":{"start":{"line":76,"column":16},"end":{"line":76,"column":34}},"loc":{"start":{"line":84,"column":34},"end":{"line":103,"column":null}},"line":84},"7":{"name":"deleteIntegration","decl":{"start":{"line":105,"column":16},"end":{"line":105,"column":34}},"loc":{"start":{"line":105,"column":55},"end":{"line":107,"column":null}},"line":105}},"branchMap":{"0":{"loc":{"start":{"line":24,"column":2},"end":{"line":24,"column":null}},"type":"if","locations":[{"start":{"line":24,"column":2},"end":{"line":24,"column":null}},{"start":{},"end":{}}],"line":24},"1":{"loc":{"start":{"line":46,"column":2},"end":{"line":46,"column":null}},"type":"if","locations":[{"start":{"line":46,"column":2},"end":{"line":46,"column":null}},{"start":{},"end":{}}],"line":46},"2":{"loc":{"start":{"line":69,"column":30},"end":{"line":69,"column":51}},"type":"binary-expr","locations":[{"start":{"line":69,"column":30},"end":{"line":69,"column":47}},{"start":{"line":69,"column":47},"end":{"line":69,"column":51}}],"line":69},"3":{"loc":{"start":{"line":69,"column":51},"end":{"line":69,"column":null}},"type":"binary-expr","locations":[{"start":{"line":69,"column":51},"end":{"line":69,"column":69}},{"start":{"line":69,"column":69},"end":{"line":69,"column":null}}],"line":69},"4":{"loc":{"start":{"line":70,"column":20},"end":{"line":70,"column":41}},"type":"binary-expr","locations":[{"start":{"line":70,"column":20},"end":{"line":70,"column":35}},{"start":{"line":70,"column":35},"end":{"line":70,"column":41}}],"line":70},"5":{"loc":{"start":{"line":70,"column":41},"end":{"line":70,"column":65}},"type":"cond-expr","locations":[{"start":{"line":70,"column":58},"end":{"line":70,"column":62}},{"start":{"line":70,"column":62},"end":{"line":70,"column":65}}],"line":70},"6":{"loc":{"start":{"line":86,"column":2},"end":{"line":86,"column":null}},"type":"if","locations":[{"start":{"line":86,"column":2},"end":{"line":86,"column":null}},{"start":{},"end":{}}],"line":86},"7":{"loc":{"start":{"line":88,"column":16},"end":{"line":88,"column":null}},"type":"cond-expr","locations":[{"start":{"line":88,"column":21},"end":{"line":88,"column":61}},{"start":{"line":88,"column":61},"end":{"line":88,"column":null}}],"line":88},"8":{"loc":{"start":{"line":94,"column":4},"end":{"line":94,"column":32}},"type":"binary-expr","locations":[{"start":{"line":94,"column":4},"end":{"line":94,"column":17}},{"start":{"line":94,"column":17},"end":{"line":94,"column":32}}],"line":94},"9":{"loc":{"start":{"line":94,"column":32},"end":{"line":94,"column":null}},"type":"binary-expr","locations":[{"start":{"line":94,"column":32},"end":{"line":94,"column":49}},{"start":{"line":94,"column":49},"end":{"line":94,"column":null}}],"line":94},"10":{"loc":{"start":{"line":95,"column":4},"end":{"line":95,"column":42}},"type":"binary-expr","locations":[{"start":{"line":95,"column":4},"end":{"line":95,"column":22}},{"start":{"line":95,"column":22},"end":{"line":95,"column":42}}],"line":95},"11":{"loc":{"start":{"line":96,"column":4},"end":{"line":96,"column":null}},"type":"binary-expr","locations":[{"start":{"line":96,"column":4},"end":{"line":96,"column":19}},{"start":{"line":96,"column":19},"end":{"line":96,"column":null}}],"line":96},"12":{"loc":{"start":{"line":97,"column":4},"end":{"line":97,"column":null}},"type":"cond-expr","locations":[{"start":{"line":97,"column":36},"end":{"line":97,"column":62}},{"start":{"line":97,"column":62},"end":{"line":97,"column":null}}],"line":97},"13":{"loc":{"start":{"line":97,"column":36},"end":{"line":97,"column":62}},"type":"cond-expr","locations":[{"start":{"line":97,"column":53},"end":{"line":97,"column":57}},{"start":{"line":97,"column":57},"end":{"line":97,"column":62}}],"line":97},"14":{"loc":{"start":{"line":98,"column":4},"end":{"line":98,"column":null}},"type":"cond-expr","locations":[{"start":{"line":98,"column":36},"end":{"line":98,"column":62}},{"start":{"line":98,"column":62},"end":{"line":98,"column":null}}],"line":98},"15":{"loc":{"start":{"line":98,"column":36},"end":{"line":98,"column":62}},"type":"cond-expr","locations":[{"start":{"line":98,"column":53},"end":{"line":98,"column":57}},{"start":{"line":98,"column":57},"end":{"line":98,"column":62}}],"line":98}},"s":{"0":15,"1":4,"2":11,"3":15,"4":15,"5":15,"6":15,"7":0,"8":15,"9":3,"10":3,"11":17,"12":2,"13":2,"14":1,"15":1,"16":1,"17":1,"18":0,"19":1,"20":10,"21":10,"22":10,"23":10,"24":10,"25":3,"26":3,"27":1,"28":2,"29":3,"30":3,"31":2},"f":{"0":15,"1":15,"2":3,"3":17,"4":2,"5":10,"6":3,"7":2},"b":{"0":[4,11],"1":[1,1],"2":[10,9],"3":[10,10],"4":[10,10],"5":[1,9],"6":[1,2],"7":[1,1],"8":[3,1],"9":[3,2],"10":[3,2],"11":[3,2],"12":[0,2],"13":[0,0],"14":[0,2],"15":[0,0]},"meta":{"lastBranch":16,"lastFunction":8,"lastStatement":32,"seen":{"f:23:9:23:19":0,"b:24:2:24:Infinity:undefined:undefined:undefined:undefined":0,"s:24:2:24:Infinity":0,"s:24:25:24:Infinity":1,"s:25:2:25:Infinity":2,"f:28:9:28:18":1,"s:29:34:29:Infinity":3,"s:30:18:30:Infinity":4,"s:31:2:31:Infinity":5,"s:31:8:31:41":6,"s:31:51:31:75":7,"s:32:2:32:Infinity":8,"f:35:16:35:56":2,"s:36:8:36:Infinity":9,"s:37:2:37:Infinity":10,"f:40:16:40:31":3,"s:41:2:41:Infinity":11,"f:44:16:44:40":4,"s:45:14:45:Infinity":12,"b:46:2:46:Infinity:undefined:undefined:undefined:undefined":1,"s:46:2:46:Infinity":13,"s:46:12:46:Infinity":14,"s:47:24:47:Infinity":15,"s:48:2:48:Infinity":16,"s:48:8:48:51":17,"s:48:61:48:95":18,"s:49:2:49:Infinity":19,"f:52:16:52:34":5,"s:61:8:61:Infinity":20,"s:62:8:62:Infinity":21,"s:63:8:63:Infinity":22,"s:65:2:71:Infinity":23,"b:69:30:69:47:69:47:69:51":2,"b:69:51:69:69:69:69:69:Infinity":3,"b:70:20:70:35:70:35:70:41":4,"b:70:58:70:62:70:62:70:65":5,"s:73:2:73:Infinity":24,"f:76:16:76:34":6,"s:85:19:85:Infinity":25,"b:86:2:86:Infinity:undefined:undefined:undefined:undefined":6,"s:86:2:86:Infinity":26,"s:86:17:86:Infinity":27,"s:88:16:88:Infinity":28,"b:88:21:88:61:88:61:88:Infinity":7,"s:90:2:100:Infinity":29,"b:94:4:94:17:94:17:94:32":8,"b:94:32:94:49:94:49:94:Infinity":9,"b:95:4:95:22:95:22:95:42":10,"b:96:4:96:19:96:19:96:Infinity":11,"b:97:36:97:62:97:62:97:Infinity":12,"b:97:53:97:57:97:57:97:62":13,"b:98:36:98:62:98:62:98:Infinity":14,"b:98:53:98:57:98:57:98:62":15,"s:102:2:102:Infinity":30,"f:105:16:105:34":7,"s:106:2:106:Infinity":31}}}
,"/Users/stephen/Projects/AIKanban/ai-kanban/packages/server/src/db/models/projectDriveRoots.ts": {"path":"/Users/stephen/Projects/AIKanban/ai-kanban/packages/server/src/db/models/projectDriveRoots.ts","statementMap":{"0":{"start":{"line":6,"column":2},"end":{"line":11,"column":null}},"1":{"start":{"line":15,"column":2},"end":{"line":17,"column":null}},"2":{"start":{"line":21,"column":2},"end":{"line":23,"column":null}},"3":{"start":{"line":27,"column":2},"end":{"line":32,"column":null}},"4":{"start":{"line":36,"column":2},"end":{"line":38,"column":null}},"5":{"start":{"line":42,"column":2},"end":{"line":44,"column":null}},"6":{"start":{"line":48,"column":8},"end":{"line":50,"column":null}},"7":{"start":{"line":51,"column":2},"end":{"line":51,"column":null}},"8":{"start":{"line":57,"column":18},"end":{"line":57,"column":null}},"9":{"start":{"line":58,"column":23},"end":{"line":58,"column":null}},"10":{"start":{"line":59,"column":8},"end":{"line":59,"column":null}},"11":{"start":{"line":61,"column":18},"end":{"line":61,"column":null}},"12":{"start":{"line":62,"column":30},"end":{"line":62,"column":null}},"13":{"start":{"line":64,"column":2},"end":{"line":77,"column":null}},"14":{"start":{"line":65,"column":24},"end":{"line":65,"column":null}},"15":{"start":{"line":65,"column":44},"end":{"line":65,"column":65}},"16":{"start":{"line":66,"column":4},"end":{"line":69,"column":null}},"17":{"start":{"line":67,"column":6},"end":{"line":67,"column":null}},"18":{"start":{"line":67,"column":37},"end":{"line":67,"column":100}},"19":{"start":{"line":67,"column":63},"end":{"line":67,"column":82}},"20":{"start":{"line":67,"column":82},"end":{"line":67,"column":98}},"21":{"start":{"line":68,"column":6},"end":{"line":68,"column":null}},"22":{"start":{"line":70,"column":26},"end":{"line":70,"column":null}},"23":{"start":{"line":70,"column":51},"end":{"line":70,"column":72}},"24":{"start":{"line":71,"column":4},"end":{"line":74,"column":null}},"25":{"start":{"line":72,"column":6},"end":{"line":72,"column":null}},"26":{"start":{"line":72,"column":39},"end":{"line":72,"column":102}},"27":{"start":{"line":72,"column":65},"end":{"line":72,"column":84}},"28":{"start":{"line":72,"column":84},"end":{"line":72,"column":100}},"29":{"start":{"line":73,"column":6},"end":{"line":73,"column":null}},"30":{"start":{"line":75,"column":28},"end":{"line":75,"column":null}},"31":{"start":{"line":75,"column":52},"end":{"line":75,"column":73}},"32":{"start":{"line":76,"column":4},"end":{"line":76,"column":null}},"33":{"start":{"line":76,"column":39},"end":{"line":76,"column":102}},"34":{"start":{"line":76,"column":65},"end":{"line":76,"column":84}},"35":{"start":{"line":76,"column":84},"end":{"line":76,"column":100}},"36":{"start":{"line":79,"column":2},"end":{"line":79,"column":null}}},"fnMap":{"0":{"name":"listProjectDriveRoots","decl":{"start":{"line":5,"column":16},"end":{"line":5,"column":38}},"loc":{"start":{"line":5,"column":70},"end":{"line":12,"column":null}},"line":5},"1":{"name":"addProjectDriveRoot","decl":{"start":{"line":14,"column":16},"end":{"line":14,"column":36}},"loc":{"start":{"line":14,"column":82},"end":{"line":18,"column":null}},"line":14},"2":{"name":"removeProjectDriveRoot","decl":{"start":{"line":20,"column":16},"end":{"line":20,"column":39}},"loc":{"start":{"line":20,"column":88},"end":{"line":24,"column":null}},"line":20},"3":{"name":"listWorkItemDriveRoots","decl":{"start":{"line":26,"column":16},"end":{"line":26,"column":39}},"loc":{"start":{"line":26,"column":72},"end":{"line":33,"column":null}},"line":26},"4":{"name":"addWorkItemDriveRoot","decl":{"start":{"line":35,"column":16},"end":{"line":35,"column":37}},"loc":{"start":{"line":35,"column":84},"end":{"line":39,"column":null}},"line":35},"5":{"name":"removeWorkItemDriveRoot","decl":{"start":{"line":41,"column":16},"end":{"line":41,"column":40}},"loc":{"start":{"line":41,"column":90},"end":{"line":45,"column":null}},"line":41},"6":{"name":"hasWorkItemDriveRoots","decl":{"start":{"line":47,"column":16},"end":{"line":47,"column":38}},"loc":{"start":{"line":47,"column":67},"end":{"line":52,"column":null}},"line":47},"7":{"name":"getEffectiveDriveRoots","decl":{"start":{"line":54,"column":16},"end":{"line":54,"column":39}},"loc":{"start":{"line":54,"column":91},"end":{"line":80,"column":null}},"line":54},"8":{"name":"(anonymous_8)","decl":{"start":{"line":65,"column":39},"end":{"line":65,"column":44}},"loc":{"start":{"line":65,"column":44},"end":{"line":65,"column":65}},"line":65},"9":{"name":"(anonymous_9)","decl":{"start":{"line":70,"column":46},"end":{"line":70,"column":51}},"loc":{"start":{"line":70,"column":51},"end":{"line":70,"column":72}},"line":70},"10":{"name":"(anonymous_10)","decl":{"start":{"line":75,"column":47},"end":{"line":75,"column":52}},"loc":{"start":{"line":75,"column":52},"end":{"line":75,"column":73}},"line":75}},"branchMap":{"0":{"loc":{"start":{"line":66,"column":4},"end":{"line":69,"column":null}},"type":"if","locations":[{"start":{"line":66,"column":4},"end":{"line":69,"column":null}},{"start":{},"end":{}}],"line":66},"1":{"loc":{"start":{"line":67,"column":37},"end":{"line":67,"column":100}},"type":"if","locations":[{"start":{"line":67,"column":37},"end":{"line":67,"column":100}},{"start":{},"end":{}}],"line":67},"2":{"loc":{"start":{"line":71,"column":4},"end":{"line":74,"column":null}},"type":"if","locations":[{"start":{"line":71,"column":4},"end":{"line":74,"column":null}},{"start":{},"end":{}}],"line":71},"3":{"loc":{"start":{"line":72,"column":39},"end":{"line":72,"column":102}},"type":"if","locations":[{"start":{"line":72,"column":39},"end":{"line":72,"column":102}},{"start":{},"end":{}}],"line":72},"4":{"loc":{"start":{"line":76,"column":39},"end":{"line":76,"column":102}},"type":"if","locations":[{"start":{"line":76,"column":39},"end":{"line":76,"column":102}},{"start":{},"end":{}}],"line":76}},"s":{"0":7,"1":6,"2":2,"3":6,"4":5,"5":1,"6":2,"7":2,"8":4,"9":4,"10":4,"11":4,"12":4,"13":4,"14":8,"15":4,"16":8,"17":2,"18":2,"19":2,"20":2,"21":2,"22":6,"23":3,"24":6,"25":1,"26":1,"27":1,"28":1,"29":1,"30":5,"31":8,"32":5,"33":2,"34":2,"35":2,"36":4},"f":{"0":7,"1":6,"2":2,"3":6,"4":5,"5":1,"6":2,"7":4,"8":4,"9":3,"10":8},"b":{"0":[2,6],"1":[2,0],"2":[1,5],"3":[1,0],"4":[2,0]},"meta":{"lastBranch":5,"lastFunction":11,"lastStatement":37,"seen":{"f:5:16:5:38":0,"s:6:2:11:Infinity":0,"f:14:16:14:36":1,"s:15:2:17:Infinity":1,"f:20:16:20:39":2,"s:21:2:23:Infinity":2,"f:26:16:26:39":3,"s:27:2:32:Infinity":3,"f:35:16:35:37":4,"s:36:2:38:Infinity":4,"f:41:16:41:40":5,"s:42:2:44:Infinity":5,"f:47:16:47:38":6,"s:48:8:50:Infinity":6,"s:51:2:51:Infinity":7,"f:54:16:54:39":7,"s:57:18:57:Infinity":8,"s:58:23:58:Infinity":9,"s:59:8:59:Infinity":10,"s:61:18:61:Infinity":11,"s:62:30:62:Infinity":12,"s:64:2:77:Infinity":13,"s:65:24:65:Infinity":14,"f:65:39:65:44":8,"s:65:44:65:65":15,"b:66:4:69:Infinity:undefined:undefined:undefined:undefined":0,"s:66:4:69:Infinity":16,"s:67:6:67:Infinity":17,"b:67:37:67:100:undefined:undefined:undefined:undefined":1,"s:67:37:67:100":18,"s:67:63:67:82":19,"s:67:82:67:98":20,"s:68:6:68:Infinity":21,"s:70:26:70:Infinity":22,"f:70:46:70:51":9,"s:70:51:70:72":23,"b:71:4:74:Infinity:undefined:undefined:undefined:undefined":2,"s:71:4:74:Infinity":24,"s:72:6:72:Infinity":25,"b:72:39:72:102:undefined:undefined:undefined:undefined":3,"s:72:39:72:102":26,"s:72:65:72:84":27,"s:72:84:72:100":28,"s:73:6:73:Infinity":29,"s:75:28:75:Infinity":30,"f:75:47:75:52":10,"s:75:52:75:73":31,"s:76:4:76:Infinity":32,"b:76:39:76:102:undefined:undefined:undefined:undefined":4,"s:76:39:76:102":33,"s:76:65:76:84":34,"s:76:84:76:100":35,"s:79:2:79:Infinity":36}}}
,"/Users/stephen/Projects/AIKanban/ai-kanban/packages/server/src/db/models/projects.ts": {"path":"/Users/stephen/Projects/AIKanban/ai-kanban/packages/server/src/db/models/projects.ts","statementMap":{"0":{"start":{"line":13,"column":2},"end":{"line":13,"column":null}},"1":{"start":{"line":17,"column":2},"end":{"line":17,"column":null}},"2":{"start":{"line":21,"column":8},"end":{"line":21,"column":null}},"3":{"start":{"line":22,"column":8},"end":{"line":22,"column":null}},"4":{"start":{"line":23,"column":8},"end":{"line":23,"column":null}},"5":{"start":{"line":25,"column":2},"end":{"line":27,"column":null}},"6":{"start":{"line":30,"column":19},"end":{"line":35,"column":null}},"7":{"start":{"line":37,"column":15},"end":{"line":39,"column":null}},"8":{"start":{"line":40,"column":2},"end":{"line":42,"column":null}},"9":{"start":{"line":41,"column":4},"end":{"line":41,"column":null}},"10":{"start":{"line":44,"column":2},"end":{"line":44,"column":null}},"11":{"start":{"line":48,"column":19},"end":{"line":48,"column":null}},"12":{"start":{"line":49,"column":2},"end":{"line":49,"column":null}},"13":{"start":{"line":49,"column":17},"end":{"line":49,"column":null}},"14":{"start":{"line":51,"column":2},"end":{"line":53,"column":null}},"15":{"start":{"line":55,"column":2},"end":{"line":55,"column":null}},"16":{"start":{"line":59,"column":8},"end":{"line":59,"column":null}},"17":{"start":{"line":60,"column":2},"end":{"line":60,"column":null}}},"fnMap":{"0":{"name":"listProjects","decl":{"start":{"line":12,"column":16},"end":{"line":12,"column":42}},"loc":{"start":{"line":12,"column":42},"end":{"line":14,"column":null}},"line":12},"1":{"name":"getProject","decl":{"start":{"line":16,"column":16},"end":{"line":16,"column":27}},"loc":{"start":{"line":16,"column":60},"end":{"line":18,"column":null}},"line":16},"2":{"name":"createProject","decl":{"start":{"line":20,"column":16},"end":{"line":20,"column":30}},"loc":{"start":{"line":20,"column":85},"end":{"line":45,"column":null}},"line":20},"3":{"name":"updateProject","decl":{"start":{"line":47,"column":16},"end":{"line":47,"column":30}},"loc":{"start":{"line":47,"column":110},"end":{"line":56,"column":null}},"line":47},"4":{"name":"deleteProject","decl":{"start":{"line":58,"column":16},"end":{"line":58,"column":30}},"loc":{"start":{"line":58,"column":51},"end":{"line":61,"column":null}},"line":58}},"branchMap":{"0":{"loc":{"start":{"line":27,"column":23},"end":{"line":27,"column":47}},"type":"binary-expr","locations":[{"start":{"line":27,"column":23},"end":{"line":27,"column":43}},{"start":{"line":27,"column":43},"end":{"line":27,"column":47}}],"line":27},"1":{"loc":{"start":{"line":49,"column":2},"end":{"line":49,"column":null}},"type":"if","locations":[{"start":{"line":49,"column":2},"end":{"line":49,"column":null}},{"start":{},"end":{}}],"line":49},"2":{"loc":{"start":{"line":53,"column":8},"end":{"line":53,"column":36}},"type":"binary-expr","locations":[{"start":{"line":53,"column":8},"end":{"line":53,"column":21}},{"start":{"line":53,"column":21},"end":{"line":53,"column":36}}],"line":53},"3":{"loc":{"start":{"line":53,"column":36},"end":{"line":53,"column":78}},"type":"binary-expr","locations":[{"start":{"line":53,"column":36},"end":{"line":53,"column":56}},{"start":{"line":53,"column":56},"end":{"line":53,"column":78}}],"line":53}},"s":{"0":2,"1":22,"2":12,"3":12,"4":12,"5":12,"6":12,"7":12,"8":12,"9":48,"10":12,"11":4,"12":4,"13":1,"14":3,"15":4,"16":3,"17":3},"f":{"0":2,"1":22,"2":12,"3":4,"4":3},"b":{"0":[12,9],"1":[1,3],"2":[3,1],"3":[4,2]},"meta":{"lastBranch":4,"lastFunction":5,"lastStatement":18,"seen":{"f:12:16:12:42":0,"s:13:2:13:Infinity":0,"f:16:16:16:27":1,"s:17:2:17:Infinity":1,"f:20:16:20:30":2,"s:21:8:21:Infinity":2,"s:22:8:22:Infinity":3,"s:23:8:23:Infinity":4,"s:25:2:27:Infinity":5,"b:27:23:27:43:27:43:27:47":0,"s:30:19:35:Infinity":6,"s:37:15:39:Infinity":7,"s:40:2:42:Infinity":8,"s:41:4:41:Infinity":9,"s:44:2:44:Infinity":10,"f:47:16:47:30":3,"s:48:19:48:Infinity":11,"b:49:2:49:Infinity:undefined:undefined:undefined:undefined":1,"s:49:2:49:Infinity":12,"s:49:17:49:Infinity":13,"s:51:2:53:Infinity":14,"b:53:8:53:21:53:21:53:36":2,"b:53:36:53:56:53:56:53:78":3,"s:55:2:55:Infinity":15,"f:58:16:58:30":4,"s:59:8:59:Infinity":16,"s:60:2:60:Infinity":17}}}
,"/Users/stephen/Projects/AIKanban/ai-kanban/packages/server/src/db/models/promptTemplates.ts": {"path":"/Users/stephen/Projects/AIKanban/ai-kanban/packages/server/src/db/models/promptTemplates.ts","statementMap":{"0":{"start":{"line":16,"column":2},"end":{"line":20,"column":null}},"1":{"start":{"line":17,"column":4},"end":{"line":19,"column":null}},"2":{"start":{"line":21,"column":2},"end":{"line":21,"column":null}},"3":{"start":{"line":25,"column":2},"end":{"line":25,"column":null}},"4":{"start":{"line":35,"column":8},"end":{"line":35,"column":null}},"5":{"start":{"line":36,"column":8},"end":{"line":36,"column":null}},"6":{"start":{"line":37,"column":2},"end":{"line":40,"column":null}},"7":{"start":{"line":41,"column":2},"end":{"line":41,"column":null}},"8":{"start":{"line":50,"column":19},"end":{"line":50,"column":null}},"9":{"start":{"line":51,"column":2},"end":{"line":51,"column":null}},"10":{"start":{"line":51,"column":17},"end":{"line":51,"column":null}},"11":{"start":{"line":53,"column":2},"end":{"line":60,"column":null}},"12":{"start":{"line":61,"column":2},"end":{"line":61,"column":null}},"13":{"start":{"line":65,"column":2},"end":{"line":65,"column":null}}},"fnMap":{"0":{"name":"listPromptTemplates","decl":{"start":{"line":15,"column":16},"end":{"line":15,"column":36}},"loc":{"start":{"line":15,"column":74},"end":{"line":22,"column":null}},"line":15},"1":{"name":"getPromptTemplate","decl":{"start":{"line":24,"column":16},"end":{"line":24,"column":34}},"loc":{"start":{"line":24,"column":74},"end":{"line":26,"column":null}},"line":24},"2":{"name":"createPromptTemplate","decl":{"start":{"line":28,"column":16},"end":{"line":28,"column":37}},"loc":{"start":{"line":34,"column":19},"end":{"line":42,"column":null}},"line":34},"3":{"name":"updatePromptTemplate","decl":{"start":{"line":44,"column":16},"end":{"line":44,"column":37}},"loc":{"start":{"line":49,"column":31},"end":{"line":62,"column":null}},"line":49},"4":{"name":"deletePromptTemplate","decl":{"start":{"line":64,"column":16},"end":{"line":64,"column":37}},"loc":{"start":{"line":64,"column":58},"end":{"line":66,"column":null}},"line":64}},"branchMap":{"0":{"loc":{"start":{"line":16,"column":2},"end":{"line":20,"column":null}},"type":"if","locations":[{"start":{"line":16,"column":2},"end":{"line":20,"column":null}},{"start":{},"end":{}}],"line":16},"1":{"loc":{"start":{"line":40,"column":13},"end":{"line":40,"column":38}},"type":"binary-expr","locations":[{"start":{"line":40,"column":13},"end":{"line":40,"column":32}},{"start":{"line":40,"column":32},"end":{"line":40,"column":38}}],"line":40},"2":{"loc":{"start":{"line":40,"column":49},"end":{"line":40,"column":73}},"type":"binary-expr","locations":[{"start":{"line":40,"column":49},"end":{"line":40,"column":69}},{"start":{"line":40,"column":69},"end":{"line":40,"column":73}}],"line":40},"3":{"loc":{"start":{"line":40,"column":103},"end":{"line":40,"column":123}},"type":"binary-expr","locations":[{"start":{"line":40,"column":103},"end":{"line":40,"column":121}},{"start":{"line":40,"column":121},"end":{"line":40,"column":123}}],"line":40},"4":{"loc":{"start":{"line":51,"column":2},"end":{"line":51,"column":null}},"type":"if","locations":[{"start":{"line":51,"column":2},"end":{"line":51,"column":null}},{"start":{},"end":{}}],"line":51},"5":{"loc":{"start":{"line":56,"column":4},"end":{"line":56,"column":32}},"type":"binary-expr","locations":[{"start":{"line":56,"column":4},"end":{"line":56,"column":17}},{"start":{"line":56,"column":17},"end":{"line":56,"column":32}}],"line":56},"6":{"loc":{"start":{"line":56,"column":32},"end":{"line":56,"column":null}},"type":"binary-expr","locations":[{"start":{"line":56,"column":32},"end":{"line":56,"column":52}},{"start":{"line":56,"column":52},"end":{"line":56,"column":null}}],"line":56},"7":{"loc":{"start":{"line":57,"column":4},"end":{"line":57,"column":null}},"type":"binary-expr","locations":[{"start":{"line":57,"column":4},"end":{"line":57,"column":21}},{"start":{"line":57,"column":21},"end":{"line":57,"column":null}}],"line":57},"8":{"loc":{"start":{"line":58,"column":4},"end":{"line":58,"column":null}},"type":"cond-expr","locations":[{"start":{"line":58,"column":21},"end":{"line":58,"column":54}},{"start":{"line":58,"column":54},"end":{"line":58,"column":null}}],"line":58}},"s":{"0":2,"1":1,"2":1,"3":19,"4":11,"5":11,"6":11,"7":11,"8":3,"9":3,"10":1,"11":2,"12":3,"13":2},"f":{"0":2,"1":19,"2":11,"3":3,"4":2},"b":{"0":[1,1],"1":[11,9],"2":[11,10],"3":[11,10],"4":[1,2],"5":[2,0],"6":[3,2],"7":[3,1],"8":[0,2]},"meta":{"lastBranch":9,"lastFunction":5,"lastStatement":14,"seen":{"f:15:16:15:36":0,"b:16:2:20:Infinity:undefined:undefined:undefined:undefined":0,"s:16:2:20:Infinity":0,"s:17:4:19:Infinity":1,"s:21:2:21:Infinity":2,"f:24:16:24:34":1,"s:25:2:25:Infinity":3,"f:28:16:28:37":2,"s:35:8:35:Infinity":4,"s:36:8:36:Infinity":5,"s:37:2:40:Infinity":6,"b:40:13:40:32:40:32:40:38":1,"b:40:49:40:69:40:69:40:73":2,"b:40:103:40:121:40:121:40:123":3,"s:41:2:41:Infinity":7,"f:44:16:44:37":3,"s:50:19:50:Infinity":8,"b:51:2:51:Infinity:undefined:undefined:undefined:undefined":4,"s:51:2:51:Infinity":9,"s:51:17:51:Infinity":10,"s:53:2:60:Infinity":11,"b:56:4:56:17:56:17:56:32":5,"b:56:32:56:52:56:52:56:Infinity":6,"b:57:4:57:21:57:21:57:Infinity":7,"b:58:21:58:54:58:54:58:Infinity":8,"s:61:2:61:Infinity":12,"f:64:16:64:37":4,"s:65:2:65:Infinity":13}}}
,"/Users/stephen/Projects/AIKanban/ai-kanban/packages/server/src/db/models/skills.ts": {"path":"/Users/stephen/Projects/AIKanban/ai-kanban/packages/server/src/db/models/skills.ts","statementMap":{"0":{"start":{"line":18,"column":12},"end":{"line":18,"column":null}},"1":{"start":{"line":19,"column":24},"end":{"line":19,"column":null}},"2":{"start":{"line":21,"column":2},"end":{"line":27,"column":null}},"3":{"start":{"line":22,"column":4},"end":{"line":22,"column":null}},"4":{"start":{"line":23,"column":4},"end":{"line":23,"column":null}},"5":{"start":{"line":24,"column":2},"end":{"line":27,"column":null}},"6":{"start":{"line":25,"column":4},"end":{"line":25,"column":null}},"7":{"start":{"line":26,"column":4},"end":{"line":26,"column":null}},"8":{"start":{"line":29,"column":2},"end":{"line":29,"column":null}},"9":{"start":{"line":30,"column":2},"end":{"line":30,"column":null}},"10":{"start":{"line":34,"column":2},"end":{"line":34,"column":null}},"11":{"start":{"line":46,"column":8},"end":{"line":46,"column":null}},"12":{"start":{"line":47,"column":8},"end":{"line":47,"column":null}},"13":{"start":{"line":48,"column":2},"end":{"line":56,"column":null}},"14":{"start":{"line":57,"column":2},"end":{"line":57,"column":null}},"15":{"start":{"line":67,"column":19},"end":{"line":67,"column":null}},"16":{"start":{"line":68,"column":2},"end":{"line":68,"column":null}},"17":{"start":{"line":68,"column":17},"end":{"line":68,"column":null}},"18":{"start":{"line":70,"column":2},"end":{"line":80,"column":null}},"19":{"start":{"line":82,"column":2},"end":{"line":82,"column":null}},"20":{"start":{"line":86,"column":2},"end":{"line":86,"column":null}}},"fnMap":{"0":{"name":"listSkills","decl":{"start":{"line":17,"column":16},"end":{"line":17,"column":27}},"loc":{"start":{"line":17,"column":91},"end":{"line":31,"column":null}},"line":17},"1":{"name":"getSkill","decl":{"start":{"line":33,"column":16},"end":{"line":33,"column":25}},"loc":{"start":{"line":33,"column":56},"end":{"line":35,"column":null}},"line":33},"2":{"name":"createSkill","decl":{"start":{"line":37,"column":16},"end":{"line":37,"column":28}},"loc":{"start":{"line":45,"column":10},"end":{"line":58,"column":null}},"line":45},"3":{"name":"updateSkill","decl":{"start":{"line":60,"column":16},"end":{"line":60,"column":28}},"loc":{"start":{"line":66,"column":22},"end":{"line":83,"column":null}},"line":66},"4":{"name":"deleteSkill","decl":{"start":{"line":85,"column":16},"end":{"line":85,"column":28}},"loc":{"start":{"line":85,"column":49},"end":{"line":87,"column":null}},"line":85}},"branchMap":{"0":{"loc":{"start":{"line":21,"column":2},"end":{"line":27,"column":null}},"type":"if","locations":[{"start":{"line":21,"column":2},"end":{"line":27,"column":null}},{"start":{"line":24,"column":2},"end":{"line":27,"column":null}}],"line":21},"1":{"loc":{"start":{"line":24,"column":2},"end":{"line":27,"column":null}},"type":"if","locations":[{"start":{"line":24,"column":2},"end":{"line":27,"column":null}},{"start":{},"end":{}}],"line":24},"2":{"loc":{"start":{"line":52,"column":8},"end":{"line":52,"column":33}},"type":"binary-expr","locations":[{"start":{"line":52,"column":8},"end":{"line":52,"column":27}},{"start":{"line":52,"column":27},"end":{"line":52,"column":33}}],"line":52},"3":{"loc":{"start":{"line":52,"column":33},"end":{"line":52,"column":null}},"type":"binary-expr","locations":[{"start":{"line":52,"column":33},"end":{"line":52,"column":54}},{"start":{"line":52,"column":54},"end":{"line":52,"column":null}}],"line":52},"4":{"loc":{"start":{"line":53,"column":15},"end":{"line":53,"column":39}},"type":"binary-expr","locations":[{"start":{"line":53,"column":15},"end":{"line":53,"column":35}},{"start":{"line":53,"column":35},"end":{"line":53,"column":39}}],"line":53},"5":{"loc":{"start":{"line":54,"column":19},"end":{"line":54,"column":45}},"type":"binary-expr","locations":[{"start":{"line":54,"column":19},"end":{"line":54,"column":43}},{"start":{"line":54,"column":43},"end":{"line":54,"column":45}}],"line":54},"6":{"loc":{"start":{"line":55,"column":19},"end":{"line":55,"column":36}},"type":"binary-expr","locations":[{"start":{"line":55,"column":19},"end":{"line":55,"column":34}},{"start":{"line":55,"column":34},"end":{"line":55,"column":36}}],"line":55},"7":{"loc":{"start":{"line":68,"column":2},"end":{"line":68,"column":null}},"type":"if","locations":[{"start":{"line":68,"column":2},"end":{"line":68,"column":null}},{"start":{},"end":{}}],"line":68},"8":{"loc":{"start":{"line":74,"column":4},"end":{"line":74,"column":null}},"type":"binary-expr","locations":[{"start":{"line":74,"column":4},"end":{"line":74,"column":17}},{"start":{"line":74,"column":17},"end":{"line":74,"column":null}}],"line":74},"9":{"loc":{"start":{"line":75,"column":4},"end":{"line":75,"column":null}},"type":"binary-expr","locations":[{"start":{"line":75,"column":4},"end":{"line":75,"column":24}},{"start":{"line":75,"column":24},"end":{"line":75,"column":null}}],"line":75},"10":{"loc":{"start":{"line":76,"column":4},"end":{"line":76,"column":null}},"type":"binary-expr","locations":[{"start":{"line":76,"column":4},"end":{"line":76,"column":28}},{"start":{"line":76,"column":28},"end":{"line":76,"column":null}}],"line":76},"11":{"loc":{"start":{"line":77,"column":4},"end":{"line":77,"column":null}},"type":"cond-expr","locations":[{"start":{"line":77,"column":27},"end":{"line":77,"column":66}},{"start":{"line":77,"column":66},"end":{"line":77,"column":null}}],"line":77},"12":{"loc":{"start":{"line":78,"column":4},"end":{"line":78,"column":null}},"type":"cond-expr","locations":[{"start":{"line":78,"column":18},"end":{"line":78,"column":48}},{"start":{"line":78,"column":48},"end":{"line":78,"column":null}}],"line":78}},"s":{"0":2,"1":2,"2":2,"3":0,"4":0,"5":2,"6":1,"7":1,"8":2,"9":2,"10":19,"11":11,"12":11,"13":11,"14":11,"15":3,"16":3,"17":1,"18":2,"19":3,"20":2},"f":{"0":2,"1":19,"2":11,"3":3,"4":2},"b":{"0":[0,2],"1":[1,1],"2":[11,9],"3":[11,11],"4":[11,10],"5":[11,10],"6":[11,11],"7":[1,2],"8":[2,0],"9":[3,2],"10":[3,1],"11":[0,2],"12":[0,2]},"meta":{"lastBranch":13,"lastFunction":5,"lastStatement":21,"seen":{"f:17:16:17:27":0,"s:18:12:18:Infinity":0,"s:19:24:19:Infinity":1,"b:21:2:27:Infinity:24:2:27:Infinity":0,"s:21:2:27:Infinity":2,"s:22:4:22:Infinity":3,"s:23:4:23:Infinity":4,"b:24:2:27:Infinity:undefined:undefined:undefined:undefined":1,"s:24:2:27:Infinity":5,"s:25:4:25:Infinity":6,"s:26:4:26:Infinity":7,"s:29:2:29:Infinity":8,"s:30:2:30:Infinity":9,"f:33:16:33:25":1,"s:34:2:34:Infinity":10,"f:37:16:37:28":2,"s:46:8:46:Infinity":11,"s:47:8:47:Infinity":12,"s:48:2:56:Infinity":13,"b:52:8:52:27:52:27:52:33":2,"b:52:33:52:54:52:54:52:Infinity":3,"b:53:15:53:35:53:35:53:39":4,"b:54:19:54:43:54:43:54:45":5,"b:55:19:55:34:55:34:55:36":6,"s:57:2:57:Infinity":14,"f:60:16:60:28":3,"s:67:19:67:Infinity":15,"b:68:2:68:Infinity:undefined:undefined:undefined:undefined":7,"s:68:2:68:Infinity":16,"s:68:17:68:Infinity":17,"s:70:2:80:Infinity":18,"b:74:4:74:17:74:17:74:Infinity":8,"b:75:4:75:24:75:24:75:Infinity":9,"b:76:4:76:28:76:28:76:Infinity":10,"b:77:27:77:66:77:66:77:Infinity":11,"b:78:18:78:48:78:48:78:Infinity":12,"s:82:2:82:Infinity":19,"f:85:16:85:28":4,"s:86:2:86:Infinity":20}}}
,"/Users/stephen/Projects/AIKanban/ai-kanban/packages/server/src/db/models/statuses.ts": {"path":"/Users/stephen/Projects/AIKanban/ai-kanban/packages/server/src/db/models/statuses.ts","statementMap":{"0":{"start":{"line":14,"column":2},"end":{"line":16,"column":null}},"1":{"start":{"line":20,"column":2},"end":{"line":20,"column":null}},"2":{"start":{"line":24,"column":2},"end":{"line":26,"column":null}},"3":{"start":{"line":30,"column":8},"end":{"line":30,"column":null}},"4":{"start":{"line":31,"column":8},"end":{"line":33,"column":null}},"5":{"start":{"line":35,"column":2},"end":{"line":37,"column":null}},"6":{"start":{"line":39,"column":2},"end":{"line":39,"column":null}},"7":{"start":{"line":43,"column":19},"end":{"line":43,"column":null}},"8":{"start":{"line":44,"column":2},"end":{"line":44,"column":null}},"9":{"start":{"line":44,"column":17},"end":{"line":44,"column":null}},"10":{"start":{"line":46,"column":2},"end":{"line":54,"column":null}},"11":{"start":{"line":56,"column":2},"end":{"line":56,"column":null}},"12":{"start":{"line":60,"column":8},"end":{"line":60,"column":null}},"13":{"start":{"line":61,"column":2},"end":{"line":61,"column":null}}},"fnMap":{"0":{"name":"listStatuses","decl":{"start":{"line":13,"column":16},"end":{"line":13,"column":29}},"loc":{"start":{"line":13,"column":58},"end":{"line":17,"column":null}},"line":13},"1":{"name":"getStatus","decl":{"start":{"line":19,"column":16},"end":{"line":19,"column":26}},"loc":{"start":{"line":19,"column":58},"end":{"line":21,"column":null}},"line":19},"2":{"name":"getStatusByName","decl":{"start":{"line":23,"column":16},"end":{"line":23,"column":32}},"loc":{"start":{"line":23,"column":85},"end":{"line":27,"column":null}},"line":23},"3":{"name":"createStatus","decl":{"start":{"line":29,"column":16},"end":{"line":29,"column":29}},"loc":{"start":{"line":29,"column":117},"end":{"line":40,"column":null}},"line":29},"4":{"name":"updateStatus","decl":{"start":{"line":42,"column":16},"end":{"line":42,"column":29}},"loc":{"start":{"line":42,"column":143},"end":{"line":57,"column":null}},"line":42},"5":{"name":"deleteStatus","decl":{"start":{"line":59,"column":16},"end":{"line":59,"column":29}},"loc":{"start":{"line":59,"column":50},"end":{"line":62,"column":null}},"line":59}},"branchMap":{"0":{"loc":{"start":{"line":37,"column":34},"end":{"line":37,"column":59}},"type":"binary-expr","locations":[{"start":{"line":37,"column":34},"end":{"line":37,"column":48}},{"start":{"line":37,"column":48},"end":{"line":37,"column":59}}],"line":37},"1":{"loc":{"start":{"line":37,"column":59},"end":{"line":37,"column":108}},"type":"binary-expr","locations":[{"start":{"line":37,"column":59},"end":{"line":37,"column":79}},{"start":{"line":37,"column":64},"end":{"line":37,"column":108}}],"line":37},"2":{"loc":{"start":{"line":37,"column":79},"end":{"line":37,"column":107}},"type":"binary-expr","locations":[{"start":{"line":37,"column":79},"end":{"line":37,"column":101}},{"start":{"line":37,"column":101},"end":{"line":37,"column":107}}],"line":37},"3":{"loc":{"start":{"line":44,"column":2},"end":{"line":44,"column":null}},"type":"if","locations":[{"start":{"line":44,"column":2},"end":{"line":44,"column":null}},{"start":{},"end":{}}],"line":44},"4":{"loc":{"start":{"line":49,"column":4},"end":{"line":49,"column":null}},"type":"binary-expr","locations":[{"start":{"line":49,"column":4},"end":{"line":49,"column":17}},{"start":{"line":49,"column":17},"end":{"line":49,"column":null}}],"line":49},"5":{"loc":{"start":{"line":50,"column":4},"end":{"line":50,"column":null}},"type":"binary-expr","locations":[{"start":{"line":50,"column":4},"end":{"line":50,"column":18}},{"start":{"line":50,"column":18},"end":{"line":50,"column":null}}],"line":50},"6":{"loc":{"start":{"line":51,"column":4},"end":{"line":51,"column":null}},"type":"binary-expr","locations":[{"start":{"line":51,"column":4},"end":{"line":51,"column":23}},{"start":{"line":51,"column":23},"end":{"line":51,"column":null}}],"line":51},"7":{"loc":{"start":{"line":52,"column":4},"end":{"line":52,"column":null}},"type":"binary-expr","locations":[{"start":{"line":52,"column":4},"end":{"line":52,"column":22}},{"start":{"line":52,"column":22},"end":{"line":52,"column":null}}],"line":52}},"s":{"0":2,"1":27,"2":2,"3":15,"4":15,"5":15,"6":15,"7":5,"8":5,"9":1,"10":4,"11":5,"12":2,"13":2},"f":{"0":2,"1":27,"2":2,"3":15,"4":5,"5":2},"b":{"0":[15,13],"1":[15,11],"2":[11,10],"3":[1,4],"4":[4,2],"5":[5,3],"6":[5,4],"7":[5,3]},"meta":{"lastBranch":8,"lastFunction":6,"lastStatement":14,"seen":{"f:13:16:13:29":0,"s:14:2:16:Infinity":0,"f:19:16:19:26":1,"s:20:2:20:Infinity":1,"f:23:16:23:32":2,"s:24:2:26:Infinity":2,"f:29:16:29:29":3,"s:30:8:30:Infinity":3,"s:31:8:33:Infinity":4,"s:35:2:37:Infinity":5,"b:37:34:37:48:37:48:37:59":0,"b:37:59:37:79:37:64:37:108":1,"b:37:79:37:101:37:101:37:107":2,"s:39:2:39:Infinity":6,"f:42:16:42:29":4,"s:43:19:43:Infinity":7,"b:44:2:44:Infinity:undefined:undefined:undefined:undefined":3,"s:44:2:44:Infinity":8,"s:44:17:44:Infinity":9,"s:46:2:54:Infinity":10,"b:49:4:49:17:49:17:49:Infinity":4,"b:50:4:50:18:50:18:50:Infinity":5,"b:51:4:51:23:51:23:51:Infinity":6,"b:52:4:52:22:52:22:52:Infinity":7,"s:56:2:56:Infinity":11,"f:59:16:59:29":5,"s:60:8:60:Infinity":12,"s:61:2:61:Infinity":13}}}
,"/Users/stephen/Projects/AIKanban/ai-kanban/packages/server/src/db/models/tags.ts": {"path":"/Users/stephen/Projects/AIKanban/ai-kanban/packages/server/src/db/models/tags.ts","statementMap":{"0":{"start":{"line":17,"column":2},"end":{"line":17,"column":null}},"1":{"start":{"line":21,"column":8},"end":{"line":21,"column":null}},"2":{"start":{"line":22,"column":2},"end":{"line":24,"column":null}},"3":{"start":{"line":25,"column":2},"end":{"line":25,"column":null}},"4":{"start":{"line":29,"column":2},"end":{"line":29,"column":null}},"5":{"start":{"line":33,"column":2},"end":{"line":38,"column":null}},"6":{"start":{"line":42,"column":2},"end":{"line":44,"column":null}},"7":{"start":{"line":48,"column":2},"end":{"line":48,"column":null}}},"fnMap":{"0":{"name":"listTags","decl":{"start":{"line":16,"column":16},"end":{"line":16,"column":25}},"loc":{"start":{"line":16,"column":51},"end":{"line":18,"column":null}},"line":16},"1":{"name":"createTag","decl":{"start":{"line":20,"column":16},"end":{"line":20,"column":26}},"loc":{"start":{"line":20,"column":90},"end":{"line":26,"column":null}},"line":20},"2":{"name":"deleteTag","decl":{"start":{"line":28,"column":16},"end":{"line":28,"column":26}},"loc":{"start":{"line":28,"column":47},"end":{"line":30,"column":null}},"line":28},"3":{"name":"getWorkItemTags","decl":{"start":{"line":32,"column":16},"end":{"line":32,"column":32}},"loc":{"start":{"line":32,"column":59},"end":{"line":39,"column":null}},"line":32},"4":{"name":"addTagToWorkItem","decl":{"start":{"line":41,"column":16},"end":{"line":41,"column":33}},"loc":{"start":{"line":41,"column":74},"end":{"line":45,"column":null}},"line":41},"5":{"name":"removeTagFromWorkItem","decl":{"start":{"line":47,"column":16},"end":{"line":47,"column":38}},"loc":{"start":{"line":47,"column":79},"end":{"line":49,"column":null}},"line":47}},"branchMap":{"0":{"loc":{"start":{"line":23,"column":30},"end":{"line":23,"column":null}},"type":"binary-expr","locations":[{"start":{"line":23,"column":30},"end":{"line":23,"column":44}},{"start":{"line":23,"column":44},"end":{"line":23,"column":null}}],"line":23}},"s":{"0":3,"1":11,"2":11,"3":11,"4":2,"5":5,"6":6,"7":1},"f":{"0":3,"1":11,"2":2,"3":5,"4":6,"5":1},"b":{"0":[11,10]},"meta":{"lastBranch":1,"lastFunction":6,"lastStatement":8,"seen":{"f:16:16:16:25":0,"s:17:2:17:Infinity":0,"f:20:16:20:26":1,"s:21:8:21:Infinity":1,"s:22:2:24:Infinity":2,"b:23:30:23:44:23:44:23:Infinity":0,"s:25:2:25:Infinity":3,"f:28:16:28:26":2,"s:29:2:29:Infinity":4,"f:32:16:32:32":3,"s:33:2:38:Infinity":5,"f:41:16:41:33":4,"s:42:2:44:Infinity":6,"f:47:16:47:38":5,"s:48:2:48:Infinity":7}}}
,"/Users/stephen/Projects/AIKanban/ai-kanban/packages/server/src/db/models/workItemTemplates.ts": {"path":"/Users/stephen/Projects/AIKanban/ai-kanban/packages/server/src/db/models/workItemTemplates.ts","statementMap":{"0":{"start":{"line":19,"column":2},"end":{"line":23,"column":null}},"1":{"start":{"line":20,"column":4},"end":{"line":22,"column":null}},"2":{"start":{"line":24,"column":2},"end":{"line":24,"column":null}},"3":{"start":{"line":28,"column":2},"end":{"line":28,"column":null}},"4":{"start":{"line":40,"column":8},"end":{"line":40,"column":null}},"5":{"start":{"line":41,"column":8},"end":{"line":41,"column":null}},"6":{"start":{"line":42,"column":2},"end":{"line":49,"column":null}},"7":{"start":{"line":50,"column":2},"end":{"line":50,"column":null}},"8":{"start":{"line":61,"column":19},"end":{"line":61,"column":null}},"9":{"start":{"line":62,"column":2},"end":{"line":62,"column":null}},"10":{"start":{"line":62,"column":17},"end":{"line":62,"column":null}},"11":{"start":{"line":64,"column":2},"end":{"line":75,"column":null}},"12":{"start":{"line":76,"column":2},"end":{"line":76,"column":null}},"13":{"start":{"line":80,"column":2},"end":{"line":82,"column":null}},"14":{"start":{"line":86,"column":2},"end":{"line":88,"column":null}},"15":{"start":{"line":92,"column":2},"end":{"line":92,"column":null}}},"fnMap":{"0":{"name":"listWorkItemTemplates","decl":{"start":{"line":18,"column":16},"end":{"line":18,"column":38}},"loc":{"start":{"line":18,"column":78},"end":{"line":25,"column":null}},"line":18},"1":{"name":"getWorkItemTemplate","decl":{"start":{"line":27,"column":16},"end":{"line":27,"column":36}},"loc":{"start":{"line":27,"column":78},"end":{"line":29,"column":null}},"line":27},"2":{"name":"createWorkItemTemplate","decl":{"start":{"line":31,"column":16},"end":{"line":31,"column":39}},"loc":{"start":{"line":39,"column":21},"end":{"line":51,"column":null}},"line":39},"3":{"name":"updateWorkItemTemplate","decl":{"start":{"line":53,"column":16},"end":{"line":53,"column":39}},"loc":{"start":{"line":60,"column":33},"end":{"line":77,"column":null}},"line":60},"4":{"name":"markTriggered","decl":{"start":{"line":79,"column":16},"end":{"line":79,"column":30}},"loc":{"start":{"line":79,"column":48},"end":{"line":83,"column":null}},"line":79},"5":{"name":"getScheduledTemplates","decl":{"start":{"line":85,"column":16},"end":{"line":85,"column":60}},"loc":{"start":{"line":85,"column":60},"end":{"line":89,"column":null}},"line":85},"6":{"name":"deleteWorkItemTemplate","decl":{"start":{"line":91,"column":16},"end":{"line":91,"column":39}},"loc":{"start":{"line":91,"column":60},"end":{"line":93,"column":null}},"line":91}},"branchMap":{"0":{"loc":{"start":{"line":19,"column":2},"end":{"line":23,"column":null}},"type":"if","locations":[{"start":{"line":19,"column":2},"end":{"line":23,"column":null}},{"start":{},"end":{}}],"line":19},"1":{"loc":{"start":{"line":46,"column":8},"end":{"line":46,"column":33}},"type":"binary-expr","locations":[{"start":{"line":46,"column":8},"end":{"line":46,"column":27}},{"start":{"line":46,"column":27},"end":{"line":46,"column":33}}],"line":46},"2":{"loc":{"start":{"line":46,"column":44},"end":{"line":46,"column":null}},"type":"binary-expr","locations":[{"start":{"line":46,"column":44},"end":{"line":46,"column":64}},{"start":{"line":46,"column":64},"end":{"line":46,"column":null}}],"line":46},"3":{"loc":{"start":{"line":47,"column":40},"end":{"line":47,"column":null}},"type":"binary-expr","locations":[{"start":{"line":47,"column":40},"end":{"line":47,"column":62}},{"start":{"line":47,"column":62},"end":{"line":47,"column":null}}],"line":47},"4":{"loc":{"start":{"line":48,"column":4},"end":{"line":48,"column":35}},"type":"cond-expr","locations":[{"start":{"line":48,"column":28},"end":{"line":48,"column":32}},{"start":{"line":48,"column":32},"end":{"line":48,"column":35}}],"line":48},"5":{"loc":{"start":{"line":48,"column":35},"end":{"line":48,"column":66}},"type":"binary-expr","locations":[{"start":{"line":48,"column":35},"end":{"line":48,"column":60}},{"start":{"line":48,"column":60},"end":{"line":48,"column":66}}],"line":48},"6":{"loc":{"start":{"line":62,"column":2},"end":{"line":62,"column":null}},"type":"if","locations":[{"start":{"line":62,"column":2},"end":{"line":62,"column":null}},{"start":{},"end":{}}],"line":62},"7":{"loc":{"start":{"line":68,"column":4},"end":{"line":68,"column":null}},"type":"binary-expr","locations":[{"start":{"line":68,"column":4},"end":{"line":68,"column":17}},{"start":{"line":68,"column":17},"end":{"line":68,"column":null}}],"line":68},"8":{"loc":{"start":{"line":69,"column":4},"end":{"line":69,"column":null}},"type":"binary-expr","locations":[{"start":{"line":69,"column":4},"end":{"line":69,"column":24}},{"start":{"line":69,"column":24},"end":{"line":69,"column":null}}],"line":69},"9":{"loc":{"start":{"line":70,"column":4},"end":{"line":70,"column":null}},"type":"cond-expr","locations":[{"start":{"line":70,"column":25},"end":{"line":70,"column":62}},{"start":{"line":70,"column":62},"end":{"line":70,"column":null}}],"line":70},"10":{"loc":{"start":{"line":71,"column":4},"end":{"line":71,"column":null}},"type":"cond-expr","locations":[{"start":{"line":71,"column":39},"end":{"line":71,"column":60}},{"start":{"line":71,"column":60},"end":{"line":71,"column":null}}],"line":71},"11":{"loc":{"start":{"line":72,"column":4},"end":{"line":72,"column":null}},"type":"cond-expr","locations":[{"start":{"line":72,"column":43},"end":{"line":72,"column":76}},{"start":{"line":72,"column":76},"end":{"line":72,"column":null}}],"line":72},"12":{"loc":{"start":{"line":72,"column":43},"end":{"line":72,"column":76}},"type":"cond-expr","locations":[{"start":{"line":72,"column":67},"end":{"line":72,"column":71}},{"start":{"line":72,"column":71},"end":{"line":72,"column":76}}],"line":72},"13":{"loc":{"start":{"line":73,"column":4},"end":{"line":73,"column":null}},"type":"cond-expr","locations":[{"start":{"line":73,"column":42},"end":{"line":73,"column":66}},{"start":{"line":73,"column":66},"end":{"line":73,"column":null}}],"line":73}},"s":{"0":2,"1":1,"2":1,"3":23,"4":14,"5":14,"6":14,"7":14,"8":3,"9":3,"10":1,"11":2,"12":3,"13":1,"14":1,"15":2},"f":{"0":2,"1":23,"2":14,"3":3,"4":1,"5":1,"6":2},"b":{"0":[1,1],"1":[14,12],"2":[14,13],"3":[14,11],"4":[2,12],"5":[14,13],"6":[1,2],"7":[2,0],"8":[3,2],"9":[1,1],"10":[0,2],"11":[0,2],"12":[0,0],"13":[0,2]},"meta":{"lastBranch":14,"lastFunction":7,"lastStatement":16,"seen":{"f:18:16:18:38":0,"b:19:2:23:Infinity:undefined:undefined:undefined:undefined":0,"s:19:2:23:Infinity":0,"s:20:4:22:Infinity":1,"s:24:2:24:Infinity":2,"f:27:16:27:36":1,"s:28:2:28:Infinity":3,"f:31:16:31:39":2,"s:40:8:40:Infinity":4,"s:41:8:41:Infinity":5,"s:42:2:49:Infinity":6,"b:46:8:46:27:46:27:46:33":1,"b:46:44:46:64:46:64:46:Infinity":2,"b:47:40:47:62:47:62:47:Infinity":3,"b:48:28:48:32:48:32:48:35":4,"b:48:35:48:60:48:60:48:66":5,"s:50:2:50:Infinity":7,"f:53:16:53:39":3,"s:61:19:61:Infinity":8,"b:62:2:62:Infinity:undefined:undefined:undefined:undefined":6,"s:62:2:62:Infinity":9,"s:62:17:62:Infinity":10,"s:64:2:75:Infinity":11,"b:68:4:68:17:68:17:68:Infinity":7,"b:69:4:69:24:69:24:69:Infinity":8,"b:70:25:70:62:70:62:70:Infinity":9,"b:71:39:71:60:71:60:71:Infinity":10,"b:72:43:72:76:72:76:72:Infinity":11,"b:72:67:72:71:72:71:72:76":12,"b:73:42:73:66:73:66:73:Infinity":13,"s:76:2:76:Infinity":12,"f:79:16:79:30":4,"s:80:2:82:Infinity":13,"f:85:16:85:60":5,"s:86:2:88:Infinity":14,"f:91:16:91:39":6,"s:92:2:92:Infinity":15}}}
,"/Users/stephen/Projects/AIKanban/ai-kanban/packages/server/src/db/models/workItems.ts": {"path":"/Users/stephen/Projects/AIKanban/ai-kanban/packages/server/src/db/models/workItems.ts","statementMap":{"0":{"start":{"line":20,"column":2},"end":{"line":22,"column":null}},"1":{"start":{"line":26,"column":2},"end":{"line":26,"column":null}},"2":{"start":{"line":36,"column":8},"end":{"line":36,"column":null}},"3":{"start":{"line":37,"column":8},"end":{"line":37,"column":null}},"4":{"start":{"line":39,"column":8},"end":{"line":41,"column":null}},"5":{"start":{"line":43,"column":2},"end":{"line":51,"column":null}},"6":{"start":{"line":53,"column":2},"end":{"line":53,"column":null}},"7":{"start":{"line":66,"column":19},"end":{"line":66,"column":null}},"8":{"start":{"line":67,"column":2},"end":{"line":67,"column":null}},"9":{"start":{"line":67,"column":17},"end":{"line":67,"column":null}},"10":{"start":{"line":69,"column":2},"end":{"line":83,"column":null}},"11":{"start":{"line":85,"column":2},"end":{"line":85,"column":null}},"12":{"start":{"line":89,"column":8},"end":{"line":89,"column":null}},"13":{"start":{"line":90,"column":15},"end":{"line":93,"column":null}},"14":{"start":{"line":94,"column":17},"end":{"line":94,"column":null}},"15":{"start":{"line":96,"column":8},"end":{"line":96,"column":null}},"16":{"start":{"line":97,"column":14},"end":{"line":104,"column":null}},"17":{"start":{"line":98,"column":4},"end":{"line":103,"column":null}},"18":{"start":{"line":99,"column":6},"end":{"line":99,"column":null}},"19":{"start":{"line":100,"column":6},"end":{"line":102,"column":null}},"20":{"start":{"line":101,"column":8},"end":{"line":101,"column":null}},"21":{"start":{"line":105,"column":2},"end":{"line":105,"column":null}},"22":{"start":{"line":109,"column":8},"end":{"line":109,"column":null}},"23":{"start":{"line":110,"column":2},"end":{"line":110,"column":null}}},"fnMap":{"0":{"name":"listWorkItems","decl":{"start":{"line":19,"column":16},"end":{"line":19,"column":30}},"loc":{"start":{"line":19,"column":61},"end":{"line":23,"column":null}},"line":19},"1":{"name":"getWorkItem","decl":{"start":{"line":25,"column":16},"end":{"line":25,"column":28}},"loc":{"start":{"line":25,"column":62},"end":{"line":27,"column":null}},"line":25},"2":{"name":"createWorkItem","decl":{"start":{"line":29,"column":16},"end":{"line":29,"column":31}},"loc":{"start":{"line":35,"column":13},"end":{"line":54,"column":null}},"line":35},"3":{"name":"updateWorkItem","decl":{"start":{"line":56,"column":16},"end":{"line":56,"column":31}},"loc":{"start":{"line":65,"column":25},"end":{"line":86,"column":null}},"line":65},"4":{"name":"bulkUpdateWorkItems","decl":{"start":{"line":88,"column":16},"end":{"line":88,"column":36}},"loc":{"start":{"line":88,"column":148},"end":{"line":106,"column":null}},"line":88},"5":{"name":"(anonymous_5)","decl":{"start":{"line":97,"column":29},"end":{"line":97,"column":35}},"loc":{"start":{"line":97,"column":35},"end":{"line":104,"column":3}},"line":97},"6":{"name":"deleteWorkItem","decl":{"start":{"line":108,"column":16},"end":{"line":108,"column":31}},"loc":{"start":{"line":108,"column":52},"end":{"line":111,"column":null}},"line":108}},"branchMap":{"0":{"loc":{"start":{"line":47,"column":35},"end":{"line":47,"column":null}},"type":"binary-expr","locations":[{"start":{"line":47,"column":35},"end":{"line":47,"column":49}},{"start":{"line":47,"column":49},"end":{"line":47,"column":null}}],"line":47},"1":{"loc":{"start":{"line":48,"column":4},"end":{"line":48,"column":null}},"type":"binary-expr","locations":[{"start":{"line":48,"column":4},"end":{"line":48,"column":24}},{"start":{"line":48,"column":24},"end":{"line":48,"column":null}}],"line":48},"2":{"loc":{"start":{"line":49,"column":4},"end":{"line":49,"column":null}},"type":"binary-expr","locations":[{"start":{"line":49,"column":4},"end":{"line":49,"column":24}},{"start":{"line":49,"column":9},"end":{"line":49,"column":null}}],"line":49},"3":{"loc":{"start":{"line":49,"column":24},"end":{"line":49,"column":52}},"type":"binary-expr","locations":[{"start":{"line":49,"column":24},"end":{"line":49,"column":46}},{"start":{"line":49,"column":46},"end":{"line":49,"column":52}}],"line":49},"4":{"loc":{"start":{"line":50,"column":4},"end":{"line":50,"column":28}},"type":"binary-expr","locations":[{"start":{"line":50,"column":4},"end":{"line":50,"column":22}},{"start":{"line":50,"column":22},"end":{"line":50,"column":28}}],"line":50},"5":{"loc":{"start":{"line":67,"column":2},"end":{"line":67,"column":null}},"type":"if","locations":[{"start":{"line":67,"column":2},"end":{"line":67,"column":null}},{"start":{},"end":{}}],"line":67},"6":{"loc":{"start":{"line":73,"column":4},"end":{"line":73,"column":null}},"type":"binary-expr","locations":[{"start":{"line":73,"column":4},"end":{"line":73,"column":22}},{"start":{"line":73,"column":22},"end":{"line":73,"column":null}}],"line":73},"7":{"loc":{"start":{"line":74,"column":4},"end":{"line":74,"column":null}},"type":"binary-expr","locations":[{"start":{"line":74,"column":4},"end":{"line":74,"column":18}},{"start":{"line":74,"column":18},"end":{"line":74,"column":null}}],"line":74},"8":{"loc":{"start":{"line":75,"column":4},"end":{"line":75,"column":null}},"type":"binary-expr","locations":[{"start":{"line":75,"column":4},"end":{"line":75,"column":24}},{"start":{"line":75,"column":24},"end":{"line":75,"column":null}}],"line":75},"9":{"loc":{"start":{"line":76,"column":4},"end":{"line":76,"column":null}},"type":"binary-expr","locations":[{"start":{"line":76,"column":4},"end":{"line":76,"column":23}},{"start":{"line":76,"column":23},"end":{"line":76,"column":null}}],"line":76},"10":{"loc":{"start":{"line":77,"column":4},"end":{"line":77,"column":null}},"type":"cond-expr","locations":[{"start":{"line":77,"column":35},"end":{"line":77,"column":52}},{"start":{"line":77,"column":52},"end":{"line":77,"column":null}}],"line":77},"11":{"loc":{"start":{"line":78,"column":4},"end":{"line":78,"column":null}},"type":"cond-expr","locations":[{"start":{"line":78,"column":43},"end":{"line":78,"column":68}},{"start":{"line":78,"column":68},"end":{"line":78,"column":null}}],"line":78},"12":{"loc":{"start":{"line":79,"column":4},"end":{"line":79,"column":null}},"type":"cond-expr","locations":[{"start":{"line":79,"column":42},"end":{"line":79,"column":66}},{"start":{"line":79,"column":66},"end":{"line":79,"column":null}}],"line":79},"13":{"loc":{"start":{"line":80,"column":4},"end":{"line":80,"column":null}},"type":"cond-expr","locations":[{"start":{"line":80,"column":42},"end":{"line":80,"column":66}},{"start":{"line":80,"column":66},"end":{"line":80,"column":null}}],"line":80},"14":{"loc":{"start":{"line":99,"column":15},"end":{"line":99,"column":39}},"type":"binary-expr","locations":[{"start":{"line":99,"column":15},"end":{"line":99,"column":33}},{"start":{"line":99,"column":33},"end":{"line":99,"column":39}}],"line":99},"15":{"loc":{"start":{"line":99,"column":39},"end":{"line":99,"column":64}},"type":"binary-expr","locations":[{"start":{"line":99,"column":39},"end":{"line":99,"column":58}},{"start":{"line":99,"column":58},"end":{"line":99,"column":64}}],"line":99},"16":{"loc":{"start":{"line":100,"column":6},"end":{"line":102,"column":null}},"type":"if","locations":[{"start":{"line":100,"column":6},"end":{"line":102,"column":null}},{"start":{},"end":{}}],"line":100}},"s":{"0":2,"1":44,"2":20,"3":20,"4":20,"5":20,"6":20,"7":8,"8":8,"9":1,"10":7,"11":8,"12":4,"13":4,"14":4,"15":4,"16":4,"17":4,"18":5,"19":5,"20":3,"21":4,"22":2,"23":2},"f":{"0":2,"1":44,"2":20,"3":8,"4":4,"5":4,"6":2},"b":{"0":[20,9],"1":[20,18],"2":[20,16],"3":[16,14],"4":[20,20],"5":[1,7],"6":[7,6],"7":[8,5],"8":[8,7],"9":[8,7],"10":[0,7],"11":[3,4],"12":[0,7],"13":[1,6],"14":[5,4],"15":[5,3],"16":[3,2]},"meta":{"lastBranch":17,"lastFu
[...]
,"/Users/stephen/Projects/AIKanban/ai-kanban/packages/server/src/lib/crypto.ts": {"path":"/Users/stephen/Projects/AIKanban/ai-kanban/packages/server/src/lib/crypto.ts","statementMap":{"0":{"start":{"line":4,"column":18},"end":{"line":4,"column":null}},"1":{"start":{"line":7,"column":8},"end":{"line":7,"column":null}},"2":{"start":{"line":8,"column":8},"end":{"line":8,"column":null}},"3":{"start":{"line":9,"column":2},"end":{"line":9,"column":null}},"4":{"start":{"line":13,"column":14},"end":{"line":13,"column":null}},"5":{"start":{"line":14,"column":13},"end":{"line":14,"column":null}},"6":{"start":{"line":15,"column":17},"end":{"line":15,"column":null}},"7":{"start":{"line":16,"column":18},"end":{"line":16,"column":null}},"8":{"start":{"line":17,"column":2},"end":{"line":17,"column":null}},"9":{"start":{"line":18,"column":18},"end":{"line":18,"column":null}},"10":{"start":{"line":19,"column":2},"end":{"line":19,"column":null}},"11":{"start":{"line":23,"column":14},"end":{"line":23,"column":null}},"12":{"start":{"line":24,"column":41},"end":{"line":24,"column":null}},"13":{"start":{"line":25,"column":13},"end":{"line":25,"column":null}},"14":{"start":{"line":26,"column":18},"end":{"line":26,"column":null}},"15":{"start":{"line":27,"column":19},"end":{"line":27,"column":null}},"16":{"start":{"line":28,"column":2},"end":{"line":28,"column":null}},"17":{"start":{"line":29,"column":18},"end":{"line":29,"column":null}},"18":{"start":{"line":30,"column":2},"end":{"line":30,"column":null}},"19":{"start":{"line":31,"column":2},"end":{"line":31,"column":null}}},"fnMap":{"0":{"name":"getKey","decl":{"start":{"line":6,"column":9},"end":{"line":6,"column":26}},"loc":{"start":{"line":6,"column":26},"end":{"line":10,"column":null}},"line":6},"1":{"name":"encrypt","decl":{"start":{"line":12,"column":16},"end":{"line":12,"column":24}},"loc":{"start":{"line":12,"column":46},"end":{"line":20,"column":null}},"line":12},"2":{"name":"decrypt","decl":{"start":{"line":22,"column":16},"end":{"line":22,"column":24}},"loc":{"start":{"line":22,"column":46},"end":{"line":32,"column":null}},"line":22}},"branchMap":{},"s":{"0":2,"1":15,"2":15,"3":15,"4":9,"5":9,"6":9,"7":9,"8":9,"9":9,"10":9,"11":6,"12":6,"13":6,"14":6,"15":6,"16":6,"17":6,"18":6,"19":6},"f":{"0":15,"1":9,"2":6},"b":{},"meta":{"lastBranch":0,"lastFunction":3,"lastStatement":20,"seen":{"s:4:18:4:Infinity":0,"f:6:9:6:26":0,"s:7:8:7:Infinity":1,"s:8:8:8:Infinity":2,"s:9:2:9:Infinity":3,"f:12:16:12:24":1,"s:13:14:13:Infinity":4,"s:14:13:14:Infinity":5,"s:15:17:15:Infinity":6,"s:16:18:16:Infinity":7,"s:17:2:17:Infinity":8,"s:18:18:18:Infinity":9,"s:19:2:19:Infinity":10,"f:22:16:22:24":2,"s:23:14:23:Infinity":11,"s:24:41:24:Infinity":12,"s:25:13:25:Infinity":13,"s:26:18:26:Infinity":14,"s:27:19:27:Infinity":15,"s:28:2:28:Infinity":16,"s:29:18:29:Infinity":17,"s:30:2:30:Infinity":18,"s:31:2:31:Infinity":19}}}
,"/Users/stephen/Projects/AIKanban/ai-kanban/packages/server/src/lib/enterpriseConfig.ts": {"path":"/Users/stephen/Projects/AIKanban/ai-kanban/packages/server/src/lib/enterpriseConfig.ts","statementMap":{"0":{"start":{"line":1,"column":24},"end":{"line":1,"column":null}},"1":{"start":{"line":2,"column":25},"end":{"line":2,"column":null}},"2":{"start":{"line":4,"column":18},"end":{"line":4,"column":null}},"3":{"start":{"line":17,"column":2},"end":{"line":17,"column":null}},"4":{"start":{"line":21,"column":21},"end":{"line":21,"column":null}},"5":{"start":{"line":22,"column":15},"end":{"line":22,"column":null}},"6":{"start":{"line":26,"column":2},"end":{"line":42,"column":null}},"7":{"start":{"line":27,"column":20},"end":{"line":27,"column":null}},"8":{"start":{"line":27,"column":77},"end":{"line":27,"column":85}},"9":{"start":{"line":28,"column":4},"end":{"line":28,"column":null}},"10":{"start":{"line":29,"column":4},"end":{"line":31,"column":null}},"11":{"start":{"line":30,"column":6},"end":{"line":30,"column":null}},"12":{"start":{"line":32,"column":2},"end":{"line":42,"column":null}},"13":{"start":{"line":33,"column":4},"end":{"line":36,"column":null}},"14":{"start":{"line":38,"column":4},"end":{"line":38,"column":null}},"15":{"start":{"line":39,"column":4},"end":{"line":41,"column":null}},"16":{"start":{"line":40,"column":6},"end":{"line":40,"column":null}},"17":{"start":{"line":45,"column":23},"end":{"line":47,"column":null}},"18":{"start":{"line":46,"column":54},"end":{"line":46,"column":62}},"19":{"start":{"line":48,"column":25},"end":{"line":50,"column":null}},"20":{"start":{"line":52,"column":2},"end":{"line":59,"column":null}},"21":{"start":{"line":63,"column":17},"end":{"line":63,"column":null}},"22":{"start":{"line":65,"column":2},"end":{"line":75,"column":null}},"23":{"start":{"line":66,"column":4},"end":{"line":69,"column":null}},"24":{"start":{"line":67,"column":6},"end":{"line":67,"column":null}},"25":{"start":{"line":68,"column":6},"end":{"line":68,"column":null}},"26":{"start":{"line":70,"column":4},"end":{"line":70,"column":null}},"27":{"start":{"line":72,"column":4},"end":{"line":74,"column":null}},"28":{"start":{"line":73,"column":6},"end":{"line":73,"column":null}}},"fnMap":{"0":{"name":"isEnterprise","decl":{"start":{"line":16,"column":16},"end":{"line":16,"column":40}},"loc":{"start":{"line":16,"column":40},"end":{"line":18,"column":null}},"line":16},"1":{"name":"getConfig","decl":{"start":{"line":20,"column":16},"end":{"line":20,"column":46}},"loc":{"start":{"line":20,"column":46},"end":{"line":60,"column":null}},"line":20},"2":{"name":"(anonymous_2)","decl":{"start":{"line":27,"column":72},"end":{"line":27,"column":77}},"loc":{"start":{"line":27,"column":77},"end":{"line":27,"column":85}},"line":27},"3":{"name":"(anonymous_3)","decl":{"start":{"line":46,"column":49},"end":{"line":46,"column":54}},"loc":{"start":{"line":46,"column":54},"end":{"line":46,"column":62}},"line":46},"4":{"name":"validateStartup","decl":{"start":{"line":62,"column":16},"end":{"line":62,"column":40}},"loc":{"start":{"line":62,"column":40},"end":{"line":76,"column":null}},"line":62}},"branchMap":{"0":{"loc":{"start":{"line":22,"column":24},"end":{"line":22,"column":52}},"type":"binary-expr","locations":[{"start":{"line":22,"column":24},"end":{"line":22,"column":44}},{"start":{"line":22,"column":44},"end":{"line":22,"column":52}}],"line":22},"1":{"loc":{"start":{"line":26,"column":2},"end":{"line":42,"column":null}},"type":"if","locations":[{"start":{"line":26,"column":2},"end":{"line":42,"column":null}},{"start":{"line":32,"column":2},"end":{"line":42,"column":null}}],"line":26},"2":{"loc":{"start":{"line":32,"column":2},"end":{"line":42,"column":null}},"type":"if","locations":[{"start":{"line":32,"column":2},"end":{"line":42,"column":null}},{"start":{"line":37,"column":9},"end":{"line":42,"column":null}}],"line":32},"3":{"loc":{"start":{"line":45,"column":23},"end":{"line":47,"column":null}},"type":"cond-expr","locations":[{"start":{"line":46,"column":6},"end":{"line":46,"column":null}},{"start":{"line":47,"column":6},"end":{"line":47,"column":null}}],"line":45},"4":{"loc":{"start":{"line":48,"column":25},"end":{"line":50,"column":null}},"type":"cond-expr","locations":[{"start":{"line":49,"column":6},"end":{"line":49,"column":null}},{"start":{"line":50,"column":6},"end":{"line":50,"column":null}}],"line":48},"5":{"loc":{"start":{"line":54,"column":19},"end":{"line":54,"column":null}},"type":"binary-expr","locations":[{"start":{"line":54,"column":19},"end":{"line":54,"column":49}},{"start":{"line":54,"column":49},"end":{"line":54,"column":null}}],"line":54},"6":{"loc":{"start":{"line":55,"column":20},"end":{"line":55,"column":null}},"type":"binary-expr","locations":[{"start":{"line":55,"column":20},"end":{"line":55,"column":51}},{"start":{"line":55,"column":51},"end":{"line":55,"column":null}}],"line":55},"7":{"loc":{"start":{"line":65,"column":2},"end":{"line":75,"column":null}},"type":"if","locations":[{"start":{"line":65,"column":2},"end":{"line":75,"column":null}},{"start":{"line":71,"column":9},"end":{"line":75,"column":null}}],"line":65},"8":{"loc":{"start":{"line":66,"column":4},"end":{"line":69,"column":null}},"type":"if","locations":[{"start":{"line":66,"column":4},"end":{"line":69,"column":null}},{"start":{},"end":{}}],"line":66},"9":{"loc":{"start":{"line":72,"column":4},"end":{"line":74,"column":null}},"type":"if","locations":[{"start":{"line":72,"column":4},"end":{"line":74,"column":null}},{"start":{},"end":{}}],"line":72}},"s":{"0":2,"1":2,"2":2,"3":15,"4":12,"5":12,"6":12,"7":1,"8":3,"9":1,"10":1,"11":8,"12":11,"13":3,"14":8,"15":8,"16":64,"17":12,"18":2,"19":12,"20":12,"21":0,"22":0,"23":0,"24":0,"25":0,"26":0,"27":0,"28":0},"f":{"0":15,"1":12,"2":3,"3":2,"4":0},"b":{"0":[12,11],"1":[1,11],"2":[3,8],"3":[1,11],"4":[3,9],"5":[12,8],"6":[12,12],"7":[0,0],"8":[0,0],"9":[0,0]},"meta":{"lastBranch":10,"lastFunction":5,"lastStatement":29,"seen":{"s:1:24:1:Infinity":0,"s:2:25:2:Infinity":1,"s:4:18:4:Infinity":2,"f:16:16:16:40":0,"s:17:2:17:Infinity":3,"f:20:16:20:46":1,"s:21:21:21:Infinity":4,"s:22:15:22:Infinity":5,"b:22:24:22:44:22:44:22:52":0,"b:26:2:42:Infinity:32:2:42:Infinity":1,"s:26:2:42:Infinity":6,"s:27:20:27:Infinity":7,"f:27:72:27:77":2,"s:27:77:27:85":8,"s:28:4:28:Infinity":9,"s:29:4:31:Infinity":10,"s:30:6:30:Infinity":11,"b:32:2:42:Infinity:37:9:42:Infinity":2,"s:32:2:42:Infinity":12,"s:33:4:36:Infinity":13,"s:38:4:38:Infinity":14,"s:39:4:41:Infinity":15,"s:40:6:40:Infinity":16,"s:45:23:47:Infinity":17,"b:46:6:46:Infinity:47:6:47:Infinity":3,"f:46:49:46:54":3,"s:46:54:46:62":18,"s:48:25:50:Infinity":19,"b:49:6:49:Infinity:50:6:50:Infinity":4,"s:52:2:59:Infinity":20,"b:54:19:54:49:54:49:54:Infinity":5,"b:55:20:55:51:55:51:55:Infinity":6,"f:62:16:62:40":4,"s:63:17:63:Infinity":21,"b:65:2:75:Infinity:71:9:75:Infinity":7,"s:65:2:75:Infinity":22,"b:66:4:69:Infinity:undefined:undefined:undefined:undefined":8,"s:66:4:69:Infinity":23,"s:67:6:67:Infinity":24,"s:68:6:68:Infinity":25,"s:70:4:70:Infinity":26,"b:72:4:74:Infinity:undefined:undefined:undefined:undefined":9,"s:72:4:74:Infinity":27,"s:73:6:73:Infinity":28}}}
,"/Users/stephen/Projects/AIKanban/ai-kanban/packages/server/src/lib/keyManagement.ts": {"path":"/Users/stephen/Projects/AIKanban/ai-kanban/packages/server/src/lib/keyManagement.ts","statementMap":{"0":{"start":{"line":9,"column":2},"end":{"line":9,"column":null}},"1":{"start":{"line":17,"column":2},"end":{"line":17,"column":null}}},"fnMap":{"0":{"name":"getEncryptionKey","decl":{"start":{"line":8,"column":16},"end":{"line":8,"column":43}},"loc":{"start":{"line":8,"column":43},"end":{"line":10,"column":null}},"line":8},"1":{"name":"getEncryptionSalt","decl":{"start":{"line":16,"column":16},"end":{"line":16,"column":44}},"loc":{"start":{"line":16,"column":44},"end":{"line":18,"column":null}},"line":16}},"branchMap":{},"s":{"0":1,"1":1},"f":{"0":1,"1":1},"b":{},"meta":{"lastBranch":0,"lastFunction":2,"lastStatement":2,"seen":{"f:8:16:8:43":0,"s:9:2:9:Infinity":0,"f:16:16:16:44":1,"s:17:2:17:Infinity":1}}}
,"/Users/stephen/Projects/AIKanban/ai-kanban/packages/server/src/lib/uuid.ts": {"path":"/Users/stephen/Projects/AIKanban/ai-kanban/packages/server/src/lib/uuid.ts","statementMap":{"0":{"start":{"line":4,"column":2},"end":{"line":4,"column":null}}},"fnMap":{"0":{"name":"newId","decl":{"start":{"line":3,"column":16},"end":{"line":3,"column":32}},"loc":{"start":{"line":3,"column":32},"end":{"line":5,"column":null}},"line":3}},"branchMap":{},"s":{"0":102},"f":{"0":102},"b":{},"meta":{"lastBranch":0,"lastFunction":1,"lastStatement":1,"seen":{"f:3:16:3:32":0,"s:4:2:4:Infinity":0}}}
,"/Users/stephen/Projects/AIKanban/ai-kanban/packages/server/src/middleware/errorHandler.ts": {"path":"/Users/stephen/Projects/AIKanban/ai-kanban/packages/server/src/middleware/errorHandler.ts","statementMap":{"0":{"start":{"line":6,"column":2},"end":{"line":9,"column":null}},"1":{"start":{"line":7,"column":4},"end":{"line":7,"column":null}},"2":{"start":{"line":8,"column":4},"end":{"line":8,"column":null}},"3":{"start":{"line":11,"column":2},"end":{"line":11,"column":null}},"4":{"start":{"line":13,"column":2},"end":{"line":17,"column":null}},"5":{"start":{"line":14,"column":4},"end":{"line":14,"column":null}},"6":{"start":{"line":16,"column":4},"end":{"line":16,"column":null}}},"fnMap":{"0":{"name":"errorHandler","decl":{"start":{"line":5,"column":16},"end":{"line":5,"column":29}},"loc":{"start":{"line":5,"column":98},"end":{"line":18,"column":null}},"line":5}},"branchMap":{"0":{"loc":{"start":{"line":6,"column":2},"end":{"line":9,"column":null}},"type":"if","locations":[{"start":{"line":6,"column":2},"end":{"line":9,"column":null}},{"start":{},"end":{}}],"line":6},"1":{"loc":{"start":{"line":13,"column":2},"end":{"line":17,"column":null}},"type":"if","locations":[{"start":{"line":13,"column":2},"end":{"line":17,"column":null}},{"start":{"line":15,"column":9},"end":{"line":17,"column":null}}],"line":13},"2":{"loc":{"start":{"line":16,"column":34},"end":{"line":16,"column":73}},"type":"binary-expr","locations":[{"start":{"line":16,"column":34},"end":{"line":16,"column":49}},{"start":{"line":16,"column":49},"end":{"line":16,"column":73}}],"line":16}},"s":{"0":4,"1":1,"2":1,"3":3,"4":3,"5":1,"6":2},"f":{"0":4},"b":{"0":[1,3],"1":[1,2],"2":[2,1]},"meta":{"lastBranch":3,"lastFunction":1,"lastStatement":7,"seen":{"f:5:16:5:29":0,"b:6:2:9:Infinity:undefined:undefined:undefined:undefined":0,"s:6:2:9:Infinity":0,"s:7:4:7:Infinity":1,"s:8:4:8:Infinity":2,"s:11:2:11:Infinity":3,"b:13:2:17:Infinity:15:9:17:Infinity":1,"s:13:2:17:Infinity":4,"s:14:4:14:Infinity":5,"s:16:4:16:Infinity":6,"b:16:34:16:49:16:49:16:73":2}}}
,"/Users/stephen/Projects/AIKanban/ai-kanban/packages/server/src/middleware/ssoValidation.ts": {"path":"/Users/stephen/Projects/AIKanban/ai-kanban/packages/server/src/middleware/ssoValidation.ts","statementMap":{"0":{"start":{"line":12,"column":2},"end":{"line":14,"column":null}},"1":{"start":{"line":13,"column":4},"end":{"line":13,"column":null}},"2":{"start":{"line":21,"column":2},"end":{"line":21,"column":null}}},"fnMap":{"0":{"name":"ssoValidation","decl":{"start":{"line":11,"column":16},"end":{"line":11,"column":30}},"loc":{"start":{"line":11,"column":86},"end":{"line":22,"column":null}},"line":11}},"branchMap":{"0":{"loc":{"start":{"line":12,"column":2},"end":{"line":14,"column":null}},"type":"if","locations":[{"start":{"line":12,"column":2},"end":{"line":14,"column":null}},{"start":{},"end":{}}],"line":12}},"s":{"0":2,"1":1,"2":1},"f":{"0":2},"b":{"0":[1,1]},"meta":{"lastBranch":1,"lastFunction":1,"lastStatement":3,"seen":{"f:11:16:11:30":0,"b:12:2:14:Infinity:undefined:undefined:undefined:undefined":0,"s:12:2:14:Infinity":0,"s:13:4:13:Infinity":1,"s:21:2:21:Infinity":2}}}
,"/Users/stephen/Projects/AIKanban/ai-kanban/packages/server/src/services/eventLog.ts": {"path":"/Users/stephen/Projects/AIKanban/ai-kanban/packages/server/src/services/eventLog.ts","statementMap":{"0":{"start":{"line":10,"column":20},"end":{"line":10,"column":null}},"1":{"start":{"line":11,"column":28},"end":{"line":11,"column":null}},"2":{"start":{"line":12,"column":13},"end":{"line":12,"column":null}},"3":{"start":{"line":15,"column":26},"end":{"line":22,"column":null}},"4":{"start":{"line":23,"column":2},"end":{"line":23,"column":null}},"5":{"start":{"line":24,"column":2},"end":{"line":26,"column":null}},"6":{"start":{"line":25,"column":4},"end":{"line":25,"column":null}},"7":{"start":{"line":29,"column":17},"end":{"line":29,"column":null}},"8":{"start":{"line":30,"column":2},"end":{"line":36,"column":null}},"9":{"start":{"line":31,"column":4},"end":{"line":31,"column":null}},"10":{"start":{"line":32,"column":2},"end":{"line":36,"column":null}},"11":{"start":{"line":33,"column":4},"end":{"line":33,"column":null}},"12":{"start":{"line":35,"column":4},"end":{"line":35,"column":null}},"13":{"start":{"line":41,"column":2},"end":{"line":41,"column":null}},"14":{"start":{"line":45,"column":2},"end":{"line":45,"column":null}},"15":{"start":{"line":49,"column":2},"end":{"line":49,"column":null}}},"fnMap":{"0":{"name":"log","decl":{"start":{"line":14,"column":16},"end":{"line":14,"column":20}},"loc":{"start":{"line":14,"column":102},"end":{"line":37,"column":null}},"line":14},"1":{"name":"logAudit","decl":{"start":{"line":40,"column":16},"end":{"line":40,"column":25}},"loc":{"start":{"line":40,"column":64},"end":{"line":42,"column":null}},"line":40},"2":{"name":"getLog","decl":{"start":{"line":44,"column":16},"end":{"line":44,"column":37}},"loc":{"start":{"line":44,"column":37},"end":{"line":46,"column":null}},"line":44},"3":{"name":"clearLog","decl":{"start":{"line":48,"column":16},"end":{"line":48,"column":33}},"loc":{"start":{"line":48,"column":33},"end":{"line":50,"column":null}},"line":48}},"branchMap":{"0":{"loc":{"start":{"line":24,"column":2},"end":{"line":26,"column":null}},"type":"if","locations":[{"start":{"line":24,"column":2},"end":{"line":26,"column":null}},{"start":{},"end":{}}],"line":24},"1":{"loc":{"start":{"line":30,"column":2},"end":{"line":36,"column":null}},"type":"if","locations":[{"start":{"line":30,"column":2},"end":{"line":36,"column":null}},{"start":{"line":32,"column":2},"end":{"line":36,"column":null}}],"line":30},"2":{"loc":{"start":{"line":31,"column":35},"end":{"line":31,"column":62}},"type":"cond-expr","locations":[{"start":{"line":31,"column":44},"end":{"line":31,"column":60}},{"start":{"line":31,"column":60},"end":{"line":31,"column":62}}],"line":31},"3":{"loc":{"start":{"line":32,"column":2},"end":{"line":36,"column":null}},"type":"if","locations":[{"start":{"line":32,"column":2},"end":{"line":36,"column":null}},{"start":{"line":34,"column":9},"end":{"line":36,"column":null}}],"line":32},"4":{"loc":{"start":{"line":33,"column":34},"end":{"line":33,"column":61}},"type":"cond-expr","locations":[{"start":{"line":33,"column":43},"end":{"line":33,"column":59}},{"start":{"line":33,"column":59},"end":{"line":33,"column":61}}],"line":33}},"s":{"0":2,"1":2,"2":2,"3":120,"4":120,"5":120,"6":10,"7":120,"8":120,"9":1,"10":119,"11":1,"12":118,"13":1,"14":9,"15":11},"f":{"0":120,"1":1,"2":9,"3":11},"b":{"0":[10,110],"1":[1,119],"2":[0,1],"3":[1,118],"4":[0,1]},"meta":{"lastBranch":5,"lastFunction":4,"lastStatement":16,"seen":{"s:10:20:10:Infinity":0,"s:11:28:11:Infinity":1,"s:12:13:12:Infinity":2,"f:14:16:14:20":0,"s:15:26:22:Infinity":3,"s:23:2:23:Infinity":4,"b:24:2:26:Infinity:undefined:undefined:undefined:undefined":0,"s:24:2:26:Infinity":5,"s:25:4:25:Infinity":6,"s:29:17:29:Infinity":7,"b:30:2:36:Infinity:32:2:36:Infinity":1,"s:30:2:36:Infinity":8,"s:31:4:31:Infinity":9,"b:31:44:31:60:31:60:31:62":2,"b:32:2:36:Infinity:34:9:36:Infinity":3,"s:32:2:36:Infinity":10,"s:33:4:33:Infinity":11,"b:33:43:33:59:33:59:33:61":4,"s:35:4:35:Infinity":12,"f:40:16:40:25":1,"s:41:2:41:Infinity":13,"f:44:16:44:37":2,"s:45:2:45:Infinity":14,"f:48:16:48:33":3,"s:49:2:49:Infinity":15}}}
}
